{"/Users/akibrahim/dev/Programming/portfolio-backend/src/index.ts": {"path":"/Users/akibrahim/dev/Programming/portfolio-backend/src/index.ts","statementMap":{"0":{"start":{"line":15,"column":0},"end":{"line":15,"column":23}},"1":{"start":{"line":16,"column":0},"end":{"line":16,"column":24}},"2":{"start":{"line":17,"column":0},"end":{"line":17,"column":30}},"3":{"start":{"line":18,"column":0},"end":{"line":18,"column":24}},"4":{"start":{"line":19,"column":0},"end":{"line":19,"column":28}},"5":{"start":{"line":20,"column":0},"end":{"line":20,"column":48}},"6":{"start":{"line":21,"column":0},"end":{"line":21,"column":36}},"7":{"start":{"line":22,"column":0},"end":{"line":22,"column":32}},"8":{"start":{"line":23,"column":0},"end":{"line":23,"column":34}},"9":{"start":{"line":25,"column":0},"end":{"line":25,"column":30}},"10":{"start":{"line":26,"column":0},"end":{"line":26,"column":41}},"11":{"start":{"line":27,"column":0},"end":{"line":27,"column":46}},"12":{"start":{"line":28,"column":0},"end":{"line":28,"column":51}},"13":{"start":{"line":29,"column":0},"end":{"line":29,"column":43}},"14":{"start":{"line":30,"column":0},"end":{"line":30,"column":39}},"15":{"start":{"line":31,"column":0},"end":{"line":31,"column":45}},"16":{"start":{"line":33,"column":0},"end":{"line":33,"column":52}},"17":{"start":{"line":34,"column":0},"end":{"line":34,"column":45}},"18":{"start":{"line":35,"column":0},"end":{"line":35,"column":46}},"19":{"start":{"line":36,"column":0},"end":{"line":36,"column":46}},"20":{"start":{"line":38,"column":12},"end":{"line":38,"column":76}},"21":{"start":{"line":49,"column":21},"end":{"line":49,"column":93}},"22":{"start":{"line":50,"column":16},"end":{"line":50,"column":80}},"23":{"start":{"line":50,"column":38},"end":{"line":50,"column":46}},"24":{"start":{"line":50,"column":60},"end":{"line":50,"column":79}},"25":{"start":{"line":51,"column":2},"end":{"line":51,"column":26}},"26":{"start":{"line":51,"column":13},"end":{"line":51,"column":26}},"27":{"start":{"line":53,"column":14},"end":{"line":53,"column":56}},"28":{"start":{"line":54,"column":13},"end":{"line":54,"column":55}},"29":{"start":{"line":55,"column":2},"end":{"line":55,"column":12}},"30":{"start":{"line":63,"column":2},"end":{"line":63,"column":15}},"31":{"start":{"line":65,"column":14},"end":{"line":65,"column":23}},"32":{"start":{"line":66,"column":2},"end":{"line":66,"column":30}},"33":{"start":{"line":68,"column":2},"end":{"line":73,"column":4}},"34":{"start":{"line":75,"column":2},"end":{"line":75,"column":26}},"35":{"start":{"line":78,"column":22},"end":{"line":78,"column":42}},"36":{"start":{"line":81,"column":2},"end":{"line":96,"column":5}},"37":{"start":{"line":83,"column":16},"end":{"line":83,"column":26}},"38":{"start":{"line":84,"column":16},"end":{"line":84,"column":37}},"39":{"start":{"line":85,"column":4},"end":{"line":95,"column":7}},"40":{"start":{"line":98,"column":2},"end":{"line":109,"column":5}},"41":{"start":{"line":100,"column":20},"end":{"line":100,"column":56}},"42":{"start":{"line":101,"column":16},"end":{"line":101,"column":37}},"43":{"start":{"line":102,"column":4},"end":{"line":108,"column":7}},"44":{"start":{"line":112,"column":2},"end":{"line":114,"column":5}},"45":{"start":{"line":113,"column":4},"end":{"line":113,"column":53}},"46":{"start":{"line":117,"column":17},"end":{"line":117,"column":39}},"47":{"start":{"line":121,"column":2},"end":{"line":121,"column":49}},"48":{"start":{"line":124,"column":2},"end":{"line":124,"column":93}},"49":{"start":{"line":124,"column":13},"end":{"line":124,"column":55}},"50":{"start":{"line":125,"column":2},"end":{"line":125,"column":89}},"51":{"start":{"line":125,"column":13},"end":{"line":125,"column":53}},"52":{"start":{"line":128,"column":2},"end":{"line":128,"column":17}},"53":{"start":{"line":131,"column":18},"end":{"line":131,"column":32}},"54":{"start":{"line":134,"column":14},"end":{"line":134,"column":75}},"55":{"start":{"line":136,"column":61},"end":{"line":140,"column":4}},"56":{"start":{"line":141,"column":2},"end":{"line":141,"column":44}},"57":{"start":{"line":141,"column":26},"end":{"line":141,"column":42}},"58":{"start":{"line":144,"column":2},"end":{"line":174,"column":5}},"59":{"start":{"line":146,"column":4},"end":{"line":160,"column":5}},"60":{"start":{"line":147,"column":20},"end":{"line":147,"column":44}},"61":{"start":{"line":148,"column":6},"end":{"line":152,"column":7}},"62":{"start":{"line":150,"column":8},"end":{"line":150,"column":43}},"63":{"start":{"line":151,"column":8},"end":{"line":151,"column":15}},"64":{"start":{"line":154,"column":21},"end":{"line":154,"column":52}},"65":{"start":{"line":155,"column":7},"end":{"line":155,"column":66}},"66":{"start":{"line":158,"column":6},"end":{"line":158,"column":38}},"67":{"start":{"line":159,"column":6},"end":{"line":159,"column":13}},"68":{"start":{"line":162,"column":4},"end":{"line":162,"column":28}},"69":{"start":{"line":163,"column":22},"end":{"line":163,"column":30}},"70":{"start":{"line":165,"column":16},"end":{"line":165,"column":82}},"71":{"start":{"line":166,"column":4},"end":{"line":168,"column":6}},"72":{"start":{"line":167,"column":6},"end":{"line":167,"column":61}},"73":{"start":{"line":171,"column":4},"end":{"line":171,"column":77}},"74":{"start":{"line":171,"column":34},"end":{"line":171,"column":75}},"75":{"start":{"line":173,"column":4},"end":{"line":173,"column":57}},"76":{"start":{"line":173,"column":29},"end":{"line":173,"column":55}},"77":{"start":{"line":177,"column":2},"end":{"line":185,"column":5}},"78":{"start":{"line":178,"column":4},"end":{"line":178,"column":48}},"79":{"start":{"line":180,"column":4},"end":{"line":180,"column":63}},"80":{"start":{"line":180,"column":31},"end":{"line":180,"column":61}},"81":{"start":{"line":181,"column":4},"end":{"line":184,"column":7}},"82":{"start":{"line":183,"column":6},"end":{"line":183,"column":22}},"83":{"start":{"line":188,"column":2},"end":{"line":190,"column":5}},"84":{"start":{"line":189,"column":4},"end":{"line":189,"column":78}},"85":{"start":{"line":193,"column":0},"end":{"line":197,"column":3}},"86":{"start":{"line":195,"column":2},"end":{"line":195,"column":21}},"87":{"start":{"line":196,"column":2},"end":{"line":196,"column":18}}},"fnMap":{"0":{"name":"extractTokenFromReq","decl":{"start":{"line":47,"column":9},"end":{"line":47,"column":28}},"loc":{"start":{"line":47,"column":54},"end":{"line":56,"column":1}}},"1":{"name":"(anonymous_11)","decl":{"start":{"line":50,"column":31},"end":{"line":50,"column":32}},"loc":{"start":{"line":50,"column":38},"end":{"line":50,"column":46}}},"2":{"name":"(anonymous_12)","decl":{"start":{"line":50,"column":53},"end":{"line":50,"column":54}},"loc":{"start":{"line":50,"column":60},"end":{"line":50,"column":79}}},"3":{"name":"main","decl":{"start":{"line":61,"column":15},"end":{"line":61,"column":19}},"loc":{"start":{"line":61,"column":19},"end":{"line":191,"column":1}}},"4":{"name":"(anonymous_14)","decl":{"start":{"line":81,"column":39},"end":{"line":81,"column":40}},"loc":{"start":{"line":81,"column":53},"end":{"line":96,"column":3}}},"5":{"name":"(anonymous_15)","decl":{"start":{"line":98,"column":38},"end":{"line":98,"column":39}},"loc":{"start":{"line":98,"column":52},"end":{"line":109,"column":3}}},"6":{"name":"(anonymous_16)","decl":{"start":{"line":112,"column":37},"end":{"line":112,"column":38}},"loc":{"start":{"line":112,"column":51},"end":{"line":114,"column":3}}},"7":{"name":"(anonymous_17)","decl":{"start":{"line":124,"column":13},"end":{"line":124,"column":26}},"loc":{"start":{"line":124,"column":13},"end":{"line":124,"column":55}}},"8":{"name":"(anonymous_18)","decl":{"start":{"line":125,"column":13},"end":{"line":125,"column":26}},"loc":{"start":{"line":125,"column":13},"end":{"line":125,"column":53}}},"9":{"name":"(anonymous_19)","decl":{"start":{"line":141,"column":20},"end":{"line":141,"column":23}},"loc":{"start":{"line":141,"column":26},"end":{"line":141,"column":42}}},"10":{"name":"(anonymous_20)","decl":{"start":{"line":144,"column":23},"end":{"line":144,"column":28}},"loc":{"start":{"line":144,"column":45},"end":{"line":174,"column":3}}},"11":{"name":"(anonymous_21)","decl":{"start":{"line":166,"column":36},"end":{"line":166,"column":37}},"loc":{"start":{"line":167,"column":6},"end":{"line":167,"column":61}}},"12":{"name":"(anonymous_22)","decl":{"start":{"line":171,"column":25},"end":{"line":171,"column":26}},"loc":{"start":{"line":171,"column":34},"end":{"line":171,"column":75}}},"13":{"name":"(anonymous_23)","decl":{"start":{"line":173,"column":23},"end":{"line":173,"column":26}},"loc":{"start":{"line":173,"column":29},"end":{"line":173,"column":55}}},"14":{"name":"(anonymous_24)","decl":{"start":{"line":177,"column":24},"end":{"line":177,"column":29}},"loc":{"start":{"line":177,"column":35},"end":{"line":185,"column":3}}},"15":{"name":"(anonymous_25)","decl":{"start":{"line":180,"column":24},"end":{"line":180,"column":25}},"loc":{"start":{"line":180,"column":31},"end":{"line":180,"column":61}}},"16":{"name":"(anonymous_26)","decl":{"start":{"line":181,"column":17},"end":{"line":181,"column":20}},"loc":{"start":{"line":181,"column":22},"end":{"line":184,"column":5}}},"17":{"name":"(anonymous_27)","decl":{"start":{"line":188,"column":29},"end":{"line":188,"column":32}},"loc":{"start":{"line":188,"column":34},"end":{"line":190,"column":3}}},"18":{"name":"(anonymous_28)","decl":{"start":{"line":193,"column":13},"end":{"line":193,"column":14}},"loc":{"start":{"line":193,"column":21},"end":{"line":197,"column":1}}}},"branchMap":{"0":{"loc":{"start":{"line":50,"column":60},"end":{"line":50,"column":79}},"type":"binary-expr","locations":[{"start":{"line":50,"column":60},"end":{"line":50,"column":61}},{"start":{"line":50,"column":65},"end":{"line":50,"column":79}}]},"1":{"loc":{"start":{"line":51,"column":2},"end":{"line":51,"column":26}},"type":"if","locations":[{"start":{"line":51,"column":2},"end":{"line":51,"column":26}}]},"2":{"loc":{"start":{"line":53,"column":22},"end":{"line":53,"column":35}},"type":"binary-expr","locations":[{"start":{"line":53,"column":22},"end":{"line":53,"column":29}},{"start":{"line":53,"column":33},"end":{"line":53,"column":35}}]},"3":{"loc":{"start":{"line":54,"column":13},"end":{"line":54,"column":55}},"type":"binary-expr","locations":[{"start":{"line":54,"column":13},"end":{"line":54,"column":42}},{"start":{"line":54,"column":46},"end":{"line":54,"column":55}}]},"4":{"loc":{"start":{"line":71,"column":14},"end":{"line":71,"column":37}},"type":"binary-expr","locations":[{"start":{"line":71,"column":14},"end":{"line":71,"column":30}},{"start":{"line":71,"column":34},"end":{"line":71,"column":37}}]},"5":{"loc":{"start":{"line":102,"column":15},"end":{"line":102,"column":34}},"type":"cond-expr","locations":[{"start":{"line":102,"column":25},"end":{"line":102,"column":28}},{"start":{"line":102,"column":31},"end":{"line":102,"column":34}}]},"6":{"loc":{"start":{"line":121,"column":24},"end":{"line":121,"column":47}},"type":"binary-expr","locations":[{"start":{"line":121,"column":24},"end":{"line":121,"column":41}},{"start":{"line":121,"column":45},"end":{"line":121,"column":47}}]},"7":{"loc":{"start":{"line":148,"column":6},"end":{"line":152,"column":7}},"type":"if","locations":[{"start":{"line":148,"column":6},"end":{"line":152,"column":7}}]}},"s":{"0":0,"1":0,"2":0,"3":0,"4":0,"5":0,"6":0,"7":0,"8":0,"9":0,"10":0,"11":0,"12":0,"13":0,"14":0,"15":0,"16":0,"17":0,"18":0,"19":0,"20":0,"21":0,"22":0,"23":0,"24":0,"25":0,"26":0,"27":0,"28":0,"29":0,"30":0,"31":0,"32":0,"33":0,"34":0,"35":0,"36":0,"37":0,"38":0,"39":0,"40":0,"41":0,"42":0,"43":0,"44":0,"45":0,"46":0,"47":0,"48":0,"49":0,"50":0,"51":0,"52":0,"53":0,"54":0,"55":0,"56":0,"57":0,"58":0,"59":0,"60":0,"61":0,"62":0,"63":0,"64":0,"65":0,"66":0,"67":0,"68":0,"69":0,"70":0,"71":0,"72":0,"73":0,"74":0,"75":0,"76":0,"77":0,"78":0,"79":0,"80":0,"81":0,"82":0,"83":0,"84":0,"85":0,"86":0,"87":0},"f":{"0":0,"1":0,"2":0,"3":0,"4":0,"5":0,"6":0,"7":0,"8":0,"9":0,"10":0,"11":0,"12":0,"13":0,"14":0,"15":0,"16":0,"17":0,"18":0},"b":{"0":[0,0],"1":[0],"2":[0,0],"3":[0,0],"4":[0,0],"5":[0,0],"6":[0,0],"7":[0]}}
,"/Users/akibrahim/dev/Programming/portfolio-backend/src/config/index.ts": {"path":"/Users/akibrahim/dev/Programming/portfolio-backend/src/config/index.ts","statementMap":{"0":{"start":{"line":10,"column":0},"end":{"line":10,"column":24}},"1":{"start":{"line":12,"column":18},"end":{"line":47,"column":2}},"2":{"start":{"line":16,"column":23},"end":{"line":16,"column":48}},"3":{"start":{"line":17,"column":19},"end":{"line":17,"column":56}},"4":{"start":{"line":38,"column":23},"end":{"line":38,"column":48}},"5":{"start":{"line":45,"column":23},"end":{"line":45,"column":48}},"6":{"start":{"line":49,"column":12},"end":{"line":49,"column":40}},"7":{"start":{"line":52,"column":2},"end":{"line":52,"column":31}},"8":{"start":{"line":52,"column":14},"end":{"line":52,"column":31}},"9":{"start":{"line":53,"column":2},"end":{"line":56,"column":21}},"10":{"start":{"line":55,"column":16},"end":{"line":55,"column":24}},"11":{"start":{"line":59,"column":18},"end":{"line":59,"column":51}},"12":{"start":{"line":68,"column":14},"end":{"line":68,"column":64}},"13":{"start":{"line":69,"column":2},"end":{"line":71,"column":3}},"14":{"start":{"line":70,"column":4},"end":{"line":70,"column":49}},"15":{"start":{"line":72,"column":2},"end":{"line":72,"column":96}},"16":{"start":{"line":72,"column":41},"end":{"line":72,"column":96}},"17":{"start":{"line":73,"column":2},"end":{"line":78,"column":3}},"18":{"start":{"line":77,"column":4},"end":{"line":77,"column":31}},"19":{"start":{"line":79,"column":2},"end":{"line":79,"column":15}},"20":{"start":{"line":82,"column":19},"end":{"line":82,"column":36}},"21":{"start":{"line":84,"column":26},"end":{"line":88,"column":2}},"22":{"start":{"line":90,"column":20},"end":{"line":90,"column":36}},"23":{"start":{"line":93,"column":2},"end":{"line":94,"column":87}},"24":{"start":{"line":96,"column":15},"end":{"line":131,"column":2}},"25":{"start":{"line":134,"column":0},"end":{"line":134,"column":22}}},"fnMap":{"0":{"name":"(anonymous_0)","decl":{"start":{"line":16,"column":15},"end":{"line":16,"column":16}},"loc":{"start":{"line":16,"column":23},"end":{"line":16,"column":48}}},"1":{"name":"(anonymous_1)","decl":{"start":{"line":17,"column":12},"end":{"line":17,"column":13}},"loc":{"start":{"line":17,"column":19},"end":{"line":17,"column":56}}},"2":{"name":"(anonymous_2)","decl":{"start":{"line":38,"column":15},"end":{"line":38,"column":16}},"loc":{"start":{"line":38,"column":23},"end":{"line":38,"column":48}}},"3":{"name":"(anonymous_3)","decl":{"start":{"line":45,"column":15},"end":{"line":45,"column":16}},"loc":{"start":{"line":45,"column":23},"end":{"line":45,"column":48}}},"4":{"name":"parseCsv","decl":{"start":{"line":51,"column":9},"end":{"line":51,"column":17}},"loc":{"start":{"line":51,"column":32},"end":{"line":57,"column":1}}},"5":{"name":"(anonymous_5)","decl":{"start":{"line":55,"column":9},"end":{"line":55,"column":10}},"loc":{"start":{"line":55,"column":16},"end":{"line":55,"column":24}}},"6":{"name":"resolveMongoUri","decl":{"start":{"line":67,"column":9},"end":{"line":67,"column":24}},"loc":{"start":{"line":67,"column":24},"end":{"line":80,"column":1}}}},"branchMap":{"0":{"loc":{"start":{"line":16,"column":23},"end":{"line":16,"column":48}},"type":"cond-expr","locations":[{"start":{"line":16,"column":27},"end":{"line":16,"column":42}},{"start":{"line":16,"column":45},"end":{"line":16,"column":48}}]},"1":{"loc":{"start":{"line":17,"column":19},"end":{"line":17,"column":56}},"type":"binary-expr","locations":[{"start":{"line":17,"column":19},"end":{"line":17,"column":37}},{"start":{"line":17,"column":41},"end":{"line":17,"column":56}}]},"2":{"loc":{"start":{"line":38,"column":23},"end":{"line":38,"column":48}},"type":"cond-expr","locations":[{"start":{"line":38,"column":27},"end":{"line":38,"column":42}},{"start":{"line":38,"column":45},"end":{"line":38,"column":48}}]},"3":{"loc":{"start":{"line":45,"column":23},"end":{"line":45,"column":48}},"type":"cond-expr","locations":[{"start":{"line":45,"column":27},"end":{"line":45,"column":42}},{"start":{"line":45,"column":45},"end":{"line":45,"column":48}}]},"4":{"loc":{"start":{"line":52,"column":2},"end":{"line":52,"column":31}},"type":"if","locations":[{"start":{"line":52,"column":2},"end":{"line":52,"column":31}}]},"5":{"loc":{"start":{"line":59,"column":18},"end":{"line":59,"column":51}},"type":"binary-expr","locations":[{"start":{"line":59,"column":18},"end":{"line":59,"column":42}},{"start":{"line":59,"column":46},"end":{"line":59,"column":51}}]},"6":{"loc":{"start":{"line":68,"column":15},"end":{"line":68,"column":56}},"type":"binary-expr","locations":[{"start":{"line":68,"column":15},"end":{"line":68,"column":30}},{"start":{"line":68,"column":34},"end":{"line":68,"column":50}},{"start":{"line":68,"column":54},"end":{"line":68,"column":56}}]},"7":{"loc":{"start":{"line":69,"column":2},"end":{"line":71,"column":3}},"type":"if","locations":[{"start":{"line":69,"column":2},"end":{"line":71,"column":3}}]},"8":{"loc":{"start":{"line":69,"column":6},"end":{"line":69,"column":45}},"type":"binary-expr","locations":[{"start":{"line":69,"column":6},"end":{"line":69,"column":12}},{"start":{"line":69,"column":16},"end":{"line":69,"column":45}}]},"9":{"loc":{"start":{"line":72,"column":2},"end":{"line":72,"column":96}},"type":"if","locations":[{"start":{"line":72,"column":2},"end":{"line":72,"column":96}}]},"10":{"loc":{"start":{"line":73,"column":2},"end":{"line":78,"column":3}},"type":"if","locations":[{"start":{"line":73,"column":2},"end":{"line":78,"column":3}}]},"11":{"loc":{"start":{"line":74,"column":4},"end":{"line":75,"column":50}},"type":"binary-expr","locations":[{"start":{"line":74,"column":5},"end":{"line":74,"column":26}},{"start":{"line":74,"column":30},"end":{"line":74,"column":49}},{"start":{"line":75,"column":5},"end":{"line":75,"column":26}},{"start":{"line":75,"column":30},"end":{"line":75,"column":49}}]},"12":{"loc":{"start":{"line":84,"column":26},"end":{"line":88,"column":2}},"type":"binary-expr","locations":[{"start":{"line":84,"column":26},"end":{"line":84,"column":59}},{"start":{"line":84,"column":63},"end":{"line":88,"column":2}}]},"13":{"loc":{"start":{"line":93,"column":2},"end":{"line":94,"column":87}},"type":"binary-expr","locations":[{"start":{"line":93,"column":2},"end":{"line":93,"column":20}},{"start":{"line":94,"column":3},"end":{"line":94,"column":86}}]},"14":{"loc":{"start":{"line":94,"column":3},"end":{"line":94,"column":86}},"type":"cond-expr","locations":[{"start":{"line":94,"column":17},"end":{"line":94,"column":74}},{"start":{"line":94,"column":77},"end":{"line":94,"column":86}}]},"15":{"loc":{"start":{"line":98,"column":8},"end":{"line":98,"column":92}},"type":"cond-expr","locations":[{"start":{"line":98,"column":54},"end":{"line":98,"column":58}},{"start":{"line":98,"column":62},"end":{"line":98,"column":92}}]},"16":{"loc":{"start":{"line":99,"column":11},"end":{"line":99,"column":36}},"type":"binary-expr","locations":[{"start":{"line":99,"column":11},"end":{"line":99,"column":23}},{"start":{"line":99,"column":27},"end":{"line":99,"column":36}}]},"17":{"loc":{"start":{"line":100,"column":15},"end":{"line":100,"column":54}},"type":"binary-expr","locations":[{"start":{"line":100,"column":15},"end":{"line":100,"column":31}},{"start":{"line":100,"column":35},"end":{"line":100,"column":54}}]},"18":{"loc":{"start":{"line":119,"column":11},"end":{"line":121,"column":48}},"type":"cond-expr","locations":[{"start":{"line":120,"column":8},"end":{"line":120,"column":10}},{"start":{"line":121,"column":9},"end":{"line":121,"column":48}}]},"19":{"loc":{"start":{"line":127,"column":9},"end":{"line":129,"column":49}},"type":"cond-expr","locations":[{"start":{"line":128,"column":8},"end":{"line":128,"column":11}},{"start":{"line":129,"column":9},"end":{"line":129,"column":49}}]}},"s":{"0":11,"1":11,"2":0,"3":0,"4":0,"5":2,"6":11,"7":22,"8":21,"9":1,"10":2,"11":11,"12":11,"13":11,"14":11,"15":0,"16":0,"17":0,"18":0,"19":0,"20":11,"21":11,"22":11,"23":11,"24":11,"25":11},"f":{"0":0,"1":0,"2":0,"3":2,"4":22,"5":2,"6":11},"b":{"0":[0,0],"1":[0,0],"2":[0,0],"3":[2,0],"4":[21],"5":[11,10],"6":[11,11,11],"7":[11],"8":[11,11],"9":[0],"10":[0],"11":[0,0,0,0],"12":[11,11],"13":[11,11],"14":[2,9],"15":[0,11],"16":[11,0],"17":[11,0],"18":[0,11],"19":[0,11]}}
,"/Users/akibrahim/dev/Programming/portfolio-backend/src/infra/mongo.ts": {"path":"/Users/akibrahim/dev/Programming/portfolio-backend/src/infra/mongo.ts","statementMap":{"0":{"start":{"line":3,"column":0},"end":{"line":3,"column":7}},"1":{"start":{"line":1,"column":0},"end":{"line":1,"column":38}},"2":{"start":{"line":4,"column":2},"end":{"line":4,"column":55}},"3":{"start":{"line":4,"column":12},"end":{"line":4,"column":55}},"4":{"start":{"line":5,"column":17},"end":{"line":10,"column":4}},"5":{"start":{"line":11,"column":2},"end":{"line":11,"column":25}},"6":{"start":{"line":12,"column":2},"end":{"line":12,"column":16}}},"fnMap":{"0":{"name":"createMongoClient","decl":{"start":{"line":3,"column":22},"end":{"line":3,"column":39}},"loc":{"start":{"line":3,"column":51},"end":{"line":13,"column":1}}}},"branchMap":{"0":{"loc":{"start":{"line":4,"column":2},"end":{"line":4,"column":55}},"type":"if","locations":[{"start":{"line":4,"column":2},"end":{"line":4,"column":55}}]}},"s":{"0":1,"1":1,"2":2,"3":1,"4":1,"5":1,"6":1},"f":{"0":2},"b":{"0":[1]}}
,"/Users/akibrahim/dev/Programming/portfolio-backend/src/infra/mongoose.ts": {"path":"/Users/akibrahim/dev/Programming/portfolio-backend/src/infra/mongoose.ts","statementMap":{"0":{"start":{"line":13,"column":0},"end":{"line":13,"column":7}},"1":{"start":{"line":6,"column":0},"end":{"line":6,"column":32}},"2":{"start":{"line":7,"column":0},"end":{"line":7,"column":31}},"3":{"start":{"line":14,"column":22},"end":{"line":14,"column":62}},"4":{"start":{"line":16,"column":2},"end":{"line":16,"column":63}},"5":{"start":{"line":16,"column":20},"end":{"line":16,"column":63}},"6":{"start":{"line":17,"column":2},"end":{"line":21,"column":3}},"7":{"start":{"line":18,"column":4},"end":{"line":20,"column":6}},"8":{"start":{"line":23,"column":2},"end":{"line":27,"column":5}},"9":{"start":{"line":28,"column":2},"end":{"line":28,"column":18}}},"fnMap":{"0":{"name":"connectMongoose","decl":{"start":{"line":13,"column":22},"end":{"line":13,"column":37}},"loc":{"start":{"line":13,"column":49},"end":{"line":29,"column":1}}}},"branchMap":{"0":{"loc":{"start":{"line":14,"column":22},"end":{"line":14,"column":62}},"type":"binary-expr","locations":[{"start":{"line":14,"column":23},"end":{"line":14,"column":26}},{"start":{"line":14,"column":30},"end":{"line":14,"column":40}},{"start":{"line":14,"column":45},"end":{"line":14,"column":62}}]},"1":{"loc":{"start":{"line":16,"column":2},"end":{"line":16,"column":63}},"type":"if","locations":[{"start":{"line":16,"column":2},"end":{"line":16,"column":63}}]},"2":{"loc":{"start":{"line":17,"column":2},"end":{"line":21,"column":3}},"type":"if","locations":[{"start":{"line":17,"column":2},"end":{"line":21,"column":3}}]},"3":{"loc":{"start":{"line":17,"column":6},"end":{"line":17,"column":88}},"type":"binary-expr","locations":[{"start":{"line":17,"column":6},"end":{"line":17,"column":43}},{"start":{"line":17,"column":47},"end":{"line":17,"column":88}}]}},"s":{"0":1,"1":1,"2":1,"3":2,"4":2,"5":0,"6":2,"7":1,"8":1,"9":1},"f":{"0":2},"b":{"0":[2,2,0],"1":[0],"2":[1],"3":[2,1]}}
,"/Users/akibrahim/dev/Programming/portfolio-backend/src/lib/context.ts": {"path":"/Users/akibrahim/dev/Programming/portfolio-backend/src/lib/context.ts","statementMap":{"0":{"start":{"line":38,"column":0},"end":{"line":38,"column":16}},"1":{"start":{"line":39,"column":2},"end":{"line":39,"column":41}}},"fnMap":{"0":{"name":"buildContext","decl":{"start":{"line":38,"column":16},"end":{"line":38,"column":28}},"loc":{"start":{"line":38,"column":76},"end":{"line":40,"column":1}}}},"branchMap":{},"s":{"0":2,"1":2},"f":{"0":2},"b":{}}
,"/Users/akibrahim/dev/Programming/portfolio-backend/src/logging/metrics.ts": {"path":"/Users/akibrahim/dev/Programming/portfolio-backend/src/logging/metrics.ts","statementMap":{"0":{"start":{"line":22,"column":0},"end":{"line":22,"column":16}},"1":{"start":{"line":41,"column":0},"end":{"line":41,"column":16}},"2":{"start":{"line":10,"column":28},"end":{"line":10,"column":30}},"3":{"start":{"line":11,"column":29},"end":{"line":11,"column":31}},"4":{"start":{"line":12,"column":13},"end":{"line":12,"column":14}},"5":{"start":{"line":16,"column":2},"end":{"line":16,"column":79}},"6":{"start":{"line":16,"column":60},"end":{"line":16,"column":79}},"7":{"start":{"line":23,"column":14},"end":{"line":23,"column":24}},"8":{"start":{"line":24,"column":2},"end":{"line":24,"column":23}},"9":{"start":{"line":25,"column":2},"end":{"line":25,"column":15}},"10":{"start":{"line":26,"column":2},"end":{"line":26,"column":29}},"11":{"start":{"line":27,"column":2},"end":{"line":27,"column":49}},"12":{"start":{"line":27,"column":31},"end":{"line":27,"column":49}},"13":{"start":{"line":28,"column":2},"end":{"line":28,"column":23}},"14":{"start":{"line":28,"column":11},"end":{"line":28,"column":23}},"15":{"start":{"line":32,"column":2},"end":{"line":32,"column":36}},"16":{"start":{"line":32,"column":27},"end":{"line":32,"column":36}},"17":{"start":{"line":33,"column":17},"end":{"line":33,"column":50}},"18":{"start":{"line":33,"column":44},"end":{"line":33,"column":49}},"19":{"start":{"line":34,"column":14},"end":{"line":34,"column":49}},"20":{"start":{"line":35,"column":2},"end":{"line":35,"column":34}},"21":{"start":{"line":42,"column":14},"end":{"line":42,"column":24}},"22":{"start":{"line":43,"column":2},"end":{"line":43,"column":15}},"23":{"start":{"line":44,"column":14},"end":{"line":44,"column":31}},"24":{"start":{"line":45,"column":16},"end":{"line":45,"column":37}},"25":{"start":{"line":46,"column":20},"end":{"line":46,"column":34}},"26":{"start":{"line":47,"column":2},"end":{"line":52,"column":4}}},"fnMap":{"0":{"name":"trimOld","decl":{"start":{"line":14,"column":9},"end":{"line":14,"column":16}},"loc":{"start":{"line":14,"column":28},"end":{"line":17,"column":1}}},"1":{"name":"recordEvent","decl":{"start":{"line":22,"column":16},"end":{"line":22,"column":27}},"loc":{"start":{"line":22,"column":59},"end":{"line":29,"column":1}}},"2":{"name":"p95","decl":{"start":{"line":31,"column":9},"end":{"line":31,"column":12}},"loc":{"start":{"line":31,"column":29},"end":{"line":36,"column":1}}},"3":{"name":"(anonymous_3)","decl":{"start":{"line":33,"column":34},"end":{"line":33,"column":35}},"loc":{"start":{"line":33,"column":44},"end":{"line":33,"column":49}}},"4":{"name":"snapshot","decl":{"start":{"line":41,"column":16},"end":{"line":41,"column":24}},"loc":{"start":{"line":41,"column":44},"end":{"line":53,"column":1}}}},"branchMap":{"0":{"loc":{"start":{"line":16,"column":9},"end":{"line":16,"column":58}},"type":"binary-expr","locations":[{"start":{"line":16,"column":9},"end":{"line":16,"column":26}},{"start":{"line":16,"column":30},"end":{"line":16,"column":58}}]},"1":{"loc":{"start":{"line":27,"column":2},"end":{"line":27,"column":49}},"type":"if","locations":[{"start":{"line":27,"column":2},"end":{"line":27,"column":49}}]},"2":{"loc":{"start":{"line":28,"column":2},"end":{"line":28,"column":23}},"type":"if","locations":[{"start":{"line":28,"column":2},"end":{"line":28,"column":23}}]},"3":{"loc":{"start":{"line":32,"column":2},"end":{"line":32,"column":36}},"type":"if","locations":[{"start":{"line":32,"column":2},"end":{"line":32,"column":36}}]},"4":{"loc":{"start":{"line":45,"column":16},"end":{"line":45,"column":37}},"type":"binary-expr","locations":[{"start":{"line":45,"column":16},"end":{"line":45,"column":32}},{"start":{"line":45,"column":36},"end":{"line":45,"column":37}}]}},"s":{"0":5,"1":5,"2":5,"3":5,"4":5,"5":8,"6":0,"7":6,"8":6,"9":6,"10":6,"11":6,"12":0,"13":6,"14":1,"15":2,"16":1,"17":1,"18":1,"19":1,"20":1,"21":2,"22":2,"23":2,"24":2,"25":2,"26":2},"f":{"0":8,"1":6,"2":2,"3":1,"4":2},"b":{"0":[8,7],"1":[0],"2":[1],"3":[1],"4":[2,1]}}
,"/Users/akibrahim/dev/Programming/portfolio-backend/src/logging/otel.ts": {"path":"/Users/akibrahim/dev/Programming/portfolio-backend/src/logging/otel.ts","statementMap":{"0":{"start":{"line":20,"column":0},"end":{"line":20,"column":16}},"1":{"start":{"line":5,"column":0},"end":{"line":5,"column":45}},"2":{"start":{"line":6,"column":0},"end":{"line":6,"column":90}},"3":{"start":{"line":7,"column":0},"end":{"line":7,"column":79}},"4":{"start":{"line":8,"column":0},"end":{"line":8,"column":31}},"5":{"start":{"line":11,"column":14},"end":{"line":11,"column":19}},"6":{"start":{"line":22,"column":2},"end":{"line":22,"column":47}},"7":{"start":{"line":22,"column":40},"end":{"line":22,"column":47}},"8":{"start":{"line":25,"column":19},"end":{"line":25,"column":88}},"9":{"start":{"line":28,"column":17},"end":{"line":28,"column":93}},"10":{"start":{"line":31,"column":24},"end":{"line":31,"column":45}},"11":{"start":{"line":34,"column":24},"end":{"line":34,"column":94}},"12":{"start":{"line":35,"column":2},"end":{"line":37,"column":3}},"13":{"start":{"line":36,"column":4},"end":{"line":36,"column":42}},"14":{"start":{"line":40,"column":2},"end":{"line":40,"column":48}},"15":{"start":{"line":41,"column":2},"end":{"line":41,"column":17}}},"fnMap":{"0":{"name":"startMetrics","decl":{"start":{"line":20,"column":16},"end":{"line":20,"column":28}},"loc":{"start":{"line":20,"column":28},"end":{"line":42,"column":1}}}},"branchMap":{"0":{"loc":{"start":{"line":22,"column":2},"end":{"line":22,"column":47}},"type":"if","locations":[{"start":{"line":22,"column":2},"end":{"line":22,"column":47}}]},"1":{"loc":{"start":{"line":22,"column":6},"end":{"line":22,"column":38}},"type":"binary-expr","locations":[{"start":{"line":22,"column":6},"end":{"line":22,"column":13}},{"start":{"line":22,"column":17},"end":{"line":22,"column":38}}]},"2":{"loc":{"start":{"line":35,"column":2},"end":{"line":37,"column":3}},"type":"if","locations":[{"start":{"line":35,"column":2},"end":{"line":37,"column":3}}]}},"s":{"0":1,"1":1,"2":1,"3":1,"4":1,"5":1,"6":1,"7":1,"8":0,"9":0,"10":0,"11":0,"12":0,"13":0,"14":0,"15":0},"f":{"0":1},"b":{"0":[1],"1":[1,1],"2":[0]}}
,"/Users/akibrahim/dev/Programming/portfolio-backend/src/logging/sentry.ts": {"path":"/Users/akibrahim/dev/Programming/portfolio-backend/src/logging/sentry.ts","statementMap":{"0":{"start":{"line":7,"column":0},"end":{"line":7,"column":16}},"1":{"start":{"line":4,"column":0},"end":{"line":4,"column":39}},"2":{"start":{"line":5,"column":0},"end":{"line":5,"column":31}},"3":{"start":{"line":8,"column":2},"end":{"line":8,"column":32}},"4":{"start":{"line":8,"column":25},"end":{"line":8,"column":32}},"5":{"start":{"line":9,"column":2},"end":{"line":9,"column":62}}},"fnMap":{"0":{"name":"initSentry","decl":{"start":{"line":7,"column":16},"end":{"line":7,"column":26}},"loc":{"start":{"line":7,"column":26},"end":{"line":10,"column":1}}}},"branchMap":{"0":{"loc":{"start":{"line":8,"column":2},"end":{"line":8,"column":32}},"type":"if","locations":[{"start":{"line":8,"column":2},"end":{"line":8,"column":32}}]}},"s":{"0":1,"1":1,"2":1,"3":1,"4":1,"5":0},"f":{"0":1},"b":{"0":[1]}}
,"/Users/akibrahim/dev/Programming/portfolio-backend/src/models/Asset.ts": {"path":"/Users/akibrahim/dev/Programming/portfolio-backend/src/models/Asset.ts","statementMap":{"0":{"start":{"line":6,"column":0},"end":{"line":6,"column":63}},"1":{"start":{"line":8,"column":20},"end":{"line":16,"column":null}},"2":{"start":{"line":28,"column":13},"end":{"line":28,"column":64}}},"fnMap":{},"branchMap":{},"s":{"0":5,"1":5,"2":5},"f":{},"b":{}}
,"/Users/akibrahim/dev/Programming/portfolio-backend/src/models/Project.ts": {"path":"/Users/akibrahim/dev/Programming/portfolio-backend/src/models/Project.ts","statementMap":{"0":{"start":{"line":6,"column":0},"end":{"line":6,"column":56}},"1":{"start":{"line":8,"column":22},"end":{"line":27,"column":null}},"2":{"start":{"line":47,"column":13},"end":{"line":47,"column":72}}},"fnMap":{},"branchMap":{},"s":{"0":5,"1":5,"2":5},"f":{},"b":{}}
,"/Users/akibrahim/dev/Programming/portfolio-backend/src/repos/mongo/assetsRepo.ts": {"path":"/Users/akibrahim/dev/Programming/portfolio-backend/src/repos/mongo/assetsRepo.ts","statementMap":{"0":{"start":{"line":1,"column":0},"end":{"line":1,"column":43}},"1":{"start":{"line":6,"column":4},"end":{"line":6,"column":30}},"2":{"start":{"line":10,"column":16},"end":{"line":10,"column":40}},"3":{"start":{"line":11,"column":4},"end":{"line":11,"column":38}},"4":{"start":{"line":4,"column":0},"end":{"line":4,"column":13}}},"fnMap":{"0":{"name":"(anonymous_0)","decl":{"start":{"line":5,"column":2},"end":{"line":5,"column":7}},"loc":{"start":{"line":5,"column":21},"end":{"line":7,"column":3}}},"1":{"name":"(anonymous_1)","decl":{"start":{"line":9,"column":2},"end":{"line":9,"column":7}},"loc":{"start":{"line":9,"column":56},"end":{"line":12,"column":3}}}},"branchMap":{},"s":{"0":3,"1":3,"2":1,"3":1,"4":3},"f":{"0":3,"1":1},"b":{}}
,"/Users/akibrahim/dev/Programming/portfolio-backend/src/repos/mongo/projectsRepo.ts": {"path":"/Users/akibrahim/dev/Programming/portfolio-backend/src/repos/mongo/projectsRepo.ts","statementMap":{"0":{"start":{"line":1,"column":0},"end":{"line":1,"column":33}},"1":{"start":{"line":2,"column":0},"end":{"line":2,"column":47}},"2":{"start":{"line":7,"column":4},"end":{"line":7,"column":32}},"3":{"start":{"line":15,"column":38},"end":{"line":15,"column":44}},"4":{"start":{"line":16,"column":43},"end":{"line":16,"column":45}},"5":{"start":{"line":17,"column":4},"end":{"line":17,"column":47}},"6":{"start":{"line":17,"column":22},"end":{"line":17,"column":47}},"7":{"start":{"line":18,"column":4},"end":{"line":18,"column":85}},"8":{"start":{"line":18,"column":30},"end":{"line":18,"column":85}},"9":{"start":{"line":19,"column":4},"end":{"line":23,"column":8}},"10":{"start":{"line":20,"column":6},"end":{"line":23,"column":8}},"11":{"start":{"line":24,"column":4},"end":{"line":24,"column":64}},"12":{"start":{"line":24,"column":16},"end":{"line":24,"column":64}},"13":{"start":{"line":25,"column":18},"end":{"line":25,"column":77}},"14":{"start":{"line":27,"column":6},"end":{"line":29,"column":19}},"15":{"start":{"line":30,"column":4},"end":{"line":30,"column":33}},"16":{"start":{"line":34,"column":4},"end":{"line":34,"column":58}},"17":{"start":{"line":38,"column":4},"end":{"line":38,"column":63}},"18":{"start":{"line":42,"column":19},"end":{"line":42,"column":68}},"19":{"start":{"line":43,"column":4},"end":{"line":43,"column":55}},"20":{"start":{"line":43,"column":16},"end":{"line":43,"column":55}},"21":{"start":{"line":44,"column":16},"end":{"line":44,"column":42}},"22":{"start":{"line":45,"column":4},"end":{"line":45,"column":40}},"23":{"start":{"line":49,"column":4},"end":{"line":49,"column":88}},"24":{"start":{"line":53,"column":4},"end":{"line":53,"column":40}},"25":{"start":{"line":5,"column":0},"end":{"line":5,"column":13}}},"fnMap":{"0":{"name":"(anonymous_0)","decl":{"start":{"line":6,"column":2},"end":{"line":6,"column":7}},"loc":{"start":{"line":6,"column":21},"end":{"line":8,"column":3}}},"1":{"name":"(anonymous_1)","decl":{"start":{"line":10,"column":2},"end":{"line":10,"column":7}},"loc":{"start":{"line":14,"column":3},"end":{"line":31,"column":3}}},"2":{"name":"(anonymous_2)","decl":{"start":{"line":33,"column":2},"end":{"line":33,"column":7}},"loc":{"start":{"line":33,"column":26},"end":{"line":35,"column":3}}},"3":{"name":"(anonymous_3)","decl":{"start":{"line":37,"column":2},"end":{"line":37,"column":7}},"loc":{"start":{"line":37,"column":30},"end":{"line":39,"column":3}}},"4":{"name":"(anonymous_4)","decl":{"start":{"line":41,"column":2},"end":{"line":41,"column":7}},"loc":{"start":{"line":41,"column":72},"end":{"line":46,"column":3}}},"5":{"name":"(anonymous_5)","decl":{"start":{"line":48,"column":2},"end":{"line":48,"column":7}},"loc":{"start":{"line":48,"column":56},"end":{"line":50,"column":3}}},"6":{"name":"(anonymous_6)","decl":{"start":{"line":52,"column":2},"end":{"line":52,"column":7}},"loc":{"start":{"line":52,"column":29},"end":{"line":54,"column":3}}}},"branchMap":{"0":{"loc":{"start":{"line":17,"column":4},"end":{"line":17,"column":47}},"type":"if","locations":[{"start":{"line":17,"column":4},"end":{"line":17,"column":47}}]},"1":{"loc":{"start":{"line":18,"column":4},"end":{"line":18,"column":85}},"type":"if","locations":[{"start":{"line":18,"column":4},"end":{"line":18,"column":85}}]},"2":{"loc":{"start":{"line":19,"column":4},"end":{"line":23,"column":8}},"type":"if","locations":[{"start":{"line":19,"column":4},"end":{"line":23,"column":8}}]},"3":{"loc":{"start":{"line":24,"column":4},"end":{"line":24,"column":64}},"type":"if","locations":[{"start":{"line":24,"column":4},"end":{"line":24,"column":64}}]},"4":{"loc":{"start":{"line":27,"column":6},"end":{"line":29,"column":19}},"type":"cond-expr","locations":[{"start":{"line":28,"column":10},"end":{"line":28,"column":85}},{"start":{"line":29,"column":10},"end":{"line":29,"column":19}}]},"5":{"loc":{"start":{"line":43,"column":4},"end":{"line":43,"column":55}},"type":"if","locations":[{"start":{"line":43,"column":4},"end":{"line":43,"column":55}}]}},"s":{"0":3,"1":3,"2":3,"3":1,"4":1,"5":1,"6":1,"7":1,"8":0,"9":1,"10":0,"11":1,"12":0,"13":1,"14":1,"15":1,"16":0,"17":2,"18":3,"19":3,"20":1,"21":2,"22":2,"23":1,"24":1,"25":3},"f":{"0":3,"1":1,"2":0,"3":2,"4":3,"5":1,"6":1},"b":{"0":[1],"1":[0],"2":[0],"3":[0],"4":[0,1],"5":[1]}}
,"/Users/akibrahim/dev/Programming/portfolio-backend/src/schemas/index.ts": {"path":"/Users/akibrahim/dev/Programming/portfolio-backend/src/schemas/index.ts","statementMap":{"0":{"start":{"line":15,"column":0},"end":{"line":15,"column":16}},"1":{"start":{"line":13,"column":0},"end":{"line":13,"column":24}},"2":{"start":{"line":17,"column":24},"end":{"line":17,"column":62}},"3":{"start":{"line":20,"column":18},"end":{"line":36,"column":4}},"4":{"start":{"line":39,"column":16},"end":{"line":47,"column":4}},"5":{"start":{"line":50,"column":23},"end":{"line":50,"column":66}},"6":{"start":{"line":51,"column":23},"end":{"line":54,"column":4}},"7":{"start":{"line":57,"column":26},"end":{"line":67,"column":4}},"8":{"start":{"line":68,"column":26},"end":{"line":68,"column":98}},"9":{"start":{"line":71,"column":25},"end":{"line":74,"column":4}},"10":{"start":{"line":75,"column":25},"end":{"line":75,"column":66}},"11":{"start":{"line":78,"column":24},"end":{"line":88,"column":36}},"12":{"start":{"line":89,"column":28},"end":{"line":89,"column":73}},"13":{"start":{"line":90,"column":28},"end":{"line":90,"column":58}},"14":{"start":{"line":93,"column":24},"end":{"line":93,"column":47}},"15":{"start":{"line":94,"column":28},"end":{"line":94,"column":89}},"16":{"start":{"line":95,"column":28},"end":{"line":95,"column":58}},"17":{"start":{"line":98,"column":28},"end":{"line":98,"column":68}},"18":{"start":{"line":99,"column":28},"end":{"line":99,"column":61}},"19":{"start":{"line":102,"column":33},"end":{"line":107,"column":4}},"20":{"start":{"line":108,"column":33},"end":{"line":113,"column":4}},"21":{"start":{"line":116,"column":27},"end":{"line":122,"column":4}},"22":{"start":{"line":123,"column":27},"end":{"line":123,"column":53}},"23":{"start":{"line":126,"column":22},"end":{"line":126,"column":35}},"24":{"start":{"line":127,"column":22},"end":{"line":132,"column":4}},"25":{"start":{"line":134,"column":28},"end":{"line":136,"column":4}},"26":{"start":{"line":139,"column":24},"end":{"line":139,"column":64}},"27":{"start":{"line":140,"column":24},"end":{"line":140,"column":98}},"28":{"start":{"line":142,"column":2},"end":{"line":166,"column":4}}},"fnMap":{"0":{"name":"buildSchemas","decl":{"start":{"line":15,"column":16},"end":{"line":15,"column":28}},"loc":{"start":{"line":15,"column":28},"end":{"line":167,"column":1}}}},"branchMap":{},"s":{"0":7,"1":7,"2":7,"3":7,"4":7,"5":7,"6":7,"7":7,"8":7,"9":7,"10":7,"11":7,"12":7,"13":7,"14":7,"15":7,"16":7,"17":7,"18":7,"19":7,"20":7,"21":7,"22":7,"23":7,"24":7,"25":7,"26":7,"27":7,"28":7},"f":{"0":7},"b":{}}
,"/Users/akibrahim/dev/Programming/portfolio-backend/src/services/auth.ts": {"path":"/Users/akibrahim/dev/Programming/portfolio-backend/src/services/auth.ts","statementMap":{"0":{"start":{"line":5,"column":0},"end":{"line":5,"column":7}},"1":{"start":{"line":6,"column":2},"end":{"line":6,"column":55}},"2":{"start":{"line":6,"column":14},"end":{"line":6,"column":55}},"3":{"start":{"line":8,"column":2},"end":{"line":8,"column":42}}},"fnMap":{"0":{"name":"verifyClientIdentity","decl":{"start":{"line":5,"column":22},"end":{"line":5,"column":42}},"loc":{"start":{"line":5,"column":68},"end":{"line":9,"column":1}}}},"branchMap":{"0":{"loc":{"start":{"line":6,"column":2},"end":{"line":6,"column":55}},"type":"if","locations":[{"start":{"line":6,"column":2},"end":{"line":6,"column":55}}]}},"s":{"0":0,"1":0,"2":0,"3":0},"f":{"0":0},"b":{"0":[0]}}
,"/Users/akibrahim/dev/Programming/portfolio-backend/src/services/gcs.ts": {"path":"/Users/akibrahim/dev/Programming/portfolio-backend/src/services/gcs.ts","statementMap":{"0":{"start":{"line":12,"column":0},"end":{"line":12,"column":7}},"1":{"start":{"line":5,"column":0},"end":{"line":5,"column":48}},"2":{"start":{"line":7,"column":16},"end":{"line":7,"column":29}},"3":{"start":{"line":18,"column":74},"end":{"line":18,"column":80}},"4":{"start":{"line":19,"column":18},"end":{"line":24,"column":4}},"5":{"start":{"line":25,"column":16},"end":{"line":25,"column":83}},"6":{"start":{"line":26,"column":2},"end":{"line":26,"column":13}}},"fnMap":{"0":{"name":"createV4UploadSignedUrl","decl":{"start":{"line":12,"column":22},"end":{"line":12,"column":45}},"loc":{"start":{"line":17,"column":1},"end":{"line":27,"column":1}}}},"branchMap":{"0":{"loc":{"start":{"line":18,"column":43},"end":{"line":18,"column":69}},"type":"default-arg","locations":[{"start":{"line":18,"column":62},"end":{"line":18,"column":69}}]}},"s":{"0":4,"1":4,"2":4,"3":2,"4":2,"5":2,"6":2},"f":{"0":2},"b":{"0":[0]}}
,"/Users/akibrahim/dev/Programming/portfolio-backend/src/services/jwt.ts": {"path":"/Users/akibrahim/dev/Programming/portfolio-backend/src/services/jwt.ts","statementMap":{"0":{"start":{"line":25,"column":0},"end":{"line":25,"column":7}},"1":{"start":{"line":7,"column":0},"end":{"line":7,"column":70}},"2":{"start":{"line":8,"column":0},"end":{"line":8,"column":31}},"3":{"start":{"line":10,"column":57},"end":{"line":10,"column":61}},"4":{"start":{"line":16,"column":2},"end":{"line":16,"column":93}},"5":{"start":{"line":16,"column":29},"end":{"line":16,"column":93}},"6":{"start":{"line":17,"column":2},"end":{"line":17,"column":70}},"7":{"start":{"line":17,"column":13},"end":{"line":17,"column":70}},"8":{"start":{"line":18,"column":2},"end":{"line":18,"column":14}},"9":{"start":{"line":26,"column":22},"end":{"line":30,"column":4}},"10":{"start":{"line":31,"column":2},"end":{"line":31,"column":17}}},"fnMap":{"0":{"name":"getJwks","decl":{"start":{"line":15,"column":9},"end":{"line":15,"column":16}},"loc":{"start":{"line":15,"column":16},"end":{"line":19,"column":1}}},"1":{"name":"verifyTokenOrThrow","decl":{"start":{"line":25,"column":22},"end":{"line":25,"column":40}},"loc":{"start":{"line":25,"column":54},"end":{"line":32,"column":1}}}},"branchMap":{"0":{"loc":{"start":{"line":16,"column":2},"end":{"line":16,"column":93}},"type":"if","locations":[{"start":{"line":16,"column":2},"end":{"line":16,"column":93}}]},"1":{"loc":{"start":{"line":17,"column":2},"end":{"line":17,"column":70}},"type":"if","locations":[{"start":{"line":17,"column":2},"end":{"line":17,"column":70}}]}},"s":{"0":1,"1":1,"2":1,"3":1,"4":1,"5":1,"6":0,"7":0,"8":0,"9":1,"10":0},"f":{"0":1,"1":1},"b":{"0":[1],"1":[0]}}
,"/Users/akibrahim/dev/Programming/portfolio-backend/src/test/server.ts": {"path":"/Users/akibrahim/dev/Programming/portfolio-backend/src/test/server.ts","statementMap":{"0":{"start":{"line":19,"column":0},"end":{"line":19,"column":7}},"1":{"start":{"line":1,"column":0},"end":{"line":1,"column":24}},"2":{"start":{"line":2,"column":0},"end":{"line":2,"column":30}},"3":{"start":{"line":3,"column":0},"end":{"line":3,"column":24}},"4":{"start":{"line":4,"column":0},"end":{"line":4,"column":28}},"5":{"start":{"line":5,"column":0},"end":{"line":5,"column":37}},"6":{"start":{"line":6,"column":0},"end":{"line":6,"column":31}},"7":{"start":{"line":7,"column":0},"end":{"line":7,"column":42}},"8":{"start":{"line":8,"column":0},"end":{"line":8,"column":47}},"9":{"start":{"line":9,"column":0},"end":{"line":9,"column":44}},"10":{"start":{"line":10,"column":0},"end":{"line":10,"column":40}},"11":{"start":{"line":11,"column":0},"end":{"line":11,"column":46}},"12":{"start":{"line":12,"column":0},"end":{"line":12,"column":36}},"13":{"start":{"line":13,"column":0},"end":{"line":13,"column":46}},"14":{"start":{"line":14,"column":0},"end":{"line":14,"column":58}},"15":{"start":{"line":15,"column":0},"end":{"line":15,"column":32}},"16":{"start":{"line":16,"column":0},"end":{"line":16,"column":64}},"17":{"start":{"line":17,"column":0},"end":{"line":17,"column":60}},"18":{"start":{"line":20,"column":14},"end":{"line":20,"column":23}},"19":{"start":{"line":21,"column":2},"end":{"line":21,"column":33}},"20":{"start":{"line":22,"column":2},"end":{"line":22,"column":26}},"21":{"start":{"line":23,"column":17},"end":{"line":23,"column":39}},"22":{"start":{"line":26,"column":17},"end":{"line":26,"column":49}},"23":{"start":{"line":27,"column":14},"end":{"line":27,"column":40}},"24":{"start":{"line":28,"column":2},"end":{"line":28,"column":30}},"25":{"start":{"line":29,"column":2},"end":{"line":29,"column":48}},"26":{"start":{"line":30,"column":2},"end":{"line":30,"column":46}},"27":{"start":{"line":33,"column":2},"end":{"line":33,"column":78}},"28":{"start":{"line":33,"column":54},"end":{"line":33,"column":76}},"29":{"start":{"line":34,"column":2},"end":{"line":34,"column":75}},"30":{"start":{"line":34,"column":52},"end":{"line":34,"column":73}},"31":{"start":{"line":36,"column":14},"end":{"line":36,"column":75}},"32":{"start":{"line":37,"column":14},"end":{"line":37,"column":67}},"33":{"start":{"line":38,"column":18},"end":{"line":38,"column":32}},"34":{"start":{"line":39,"column":42},"end":{"line":43,"column":4}},"35":{"start":{"line":45,"column":2},"end":{"line":51,"column":5}},"36":{"start":{"line":47,"column":5},"end":{"line":47,"column":65}},"37":{"start":{"line":48,"column":16},"end":{"line":48,"column":63}},"38":{"start":{"line":49,"column":4},"end":{"line":49,"column":46}},"39":{"start":{"line":50,"column":4},"end":{"line":50,"column":77}},"40":{"start":{"line":50,"column":34},"end":{"line":50,"column":75}},"41":{"start":{"line":53,"column":2},"end":{"line":53,"column":74}},"42":{"start":{"line":53,"column":39},"end":{"line":53,"column":72}},"43":{"start":{"line":53,"column":62},"end":{"line":53,"column":71}},"44":{"start":{"line":54,"column":15},"end":{"line":54,"column":31}},"45":{"start":{"line":55,"column":15},"end":{"line":55,"column":63}},"46":{"start":{"line":56,"column":14},"end":{"line":56,"column":40}},"47":{"start":{"line":57,"column":2},"end":{"line":64,"column":4}},"48":{"start":{"line":60,"column":6},"end":{"line":60,"column":74}},"49":{"start":{"line":60,"column":43},"end":{"line":60,"column":72}},"50":{"start":{"line":60,"column":62},"end":{"line":60,"column":71}},"51":{"start":{"line":61,"column":6},"end":{"line":61,"column":34}},"52":{"start":{"line":62,"column":6},"end":{"line":62,"column":26}}},"fnMap":{"0":{"name":"startTestServer","decl":{"start":{"line":19,"column":22},"end":{"line":19,"column":37}},"loc":{"start":{"line":19,"column":37},"end":{"line":65,"column":1}}},"1":{"name":"(anonymous_2)","decl":{"start":{"line":33,"column":39},"end":{"line":33,"column":40}},"loc":{"start":{"line":33,"column":54},"end":{"line":33,"column":76}}},"2":{"name":"(anonymous_3)","decl":{"start":{"line":34,"column":37},"end":{"line":34,"column":38}},"loc":{"start":{"line":34,"column":52},"end":{"line":34,"column":73}}},"3":{"name":"(anonymous_4)","decl":{"start":{"line":45,"column":23},"end":{"line":45,"column":24}},"loc":{"start":{"line":45,"column":39},"end":{"line":51,"column":3}}},"4":{"name":"(anonymous_5)","decl":{"start":{"line":49,"column":36},"end":{"line":49,"column":39}},"loc":{"start":{"line":49,"column":41},"end":{"line":49,"column":44}}},"5":{"name":"(anonymous_6)","decl":{"start":{"line":50,"column":25},"end":{"line":50,"column":26}},"loc":{"start":{"line":50,"column":34},"end":{"line":50,"column":75}}},"6":{"name":"(anonymous_7)","decl":{"start":{"line":53,"column":26},"end":{"line":53,"column":27}},"loc":{"start":{"line":53,"column":39},"end":{"line":53,"column":72}}},"7":{"name":"(anonymous_8)","decl":{"start":{"line":53,"column":56},"end":{"line":53,"column":59}},"loc":{"start":{"line":53,"column":62},"end":{"line":53,"column":71}}},"8":{"name":"(anonymous_9)","decl":{"start":{"line":59,"column":10},"end":{"line":59,"column":15}},"loc":{"start":{"line":59,"column":21},"end":{"line":63,"column":5}}},"9":{"name":"(anonymous_10)","decl":{"start":{"line":60,"column":30},"end":{"line":60,"column":31}},"loc":{"start":{"line":60,"column":43},"end":{"line":60,"column":72}}},"10":{"name":"(anonymous_11)","decl":{"start":{"line":60,"column":56},"end":{"line":60,"column":59}},"loc":{"start":{"line":60,"column":62},"end":{"line":60,"column":71}}}},"branchMap":{"0":{"loc":{"start":{"line":55,"column":15},"end":{"line":55,"column":63}},"type":"cond-expr","locations":[{"start":{"line":55,"column":50},"end":{"line":55,"column":59}},{"start":{"line":55,"column":62},"end":{"line":55,"column":63}}]},"1":{"loc":{"start":{"line":55,"column":15},"end":{"line":55,"column":47}},"type":"binary-expr","locations":[{"start":{"line":55,"column":15},"end":{"line":55,"column":39}},{"start":{"line":55,"column":43},"end":{"line":55,"column":47}}]}},"s":{"0":2,"1":2,"2":2,"3":2,"4":2,"5":2,"6":2,"7":2,"8":2,"9":2,"10":2,"11":2,"12":2,"13":2,"14":2,"15":2,"16":2,"17":2,"18":2,"19":2,"20":2,"21":2,"22":2,"23":2,"24":2,"25":2,"26":2,"27":2,"28":0,"29":2,"30":0,"31":2,"32":2,"33":2,"34":2,"35":2,"36":2,"37":2,"38":2,"39":2,"40":2,"41":2,"42":2,"43":2,"44":2,"45":2,"46":2,"47":2,"48":2,"49":2,"50":2,"51":2,"52":2},"f":{"0":2,"1":0,"2":0,"3":2,"4":0,"5":2,"6":2,"7":2,"8":2,"9":2,"10":2},"b":{"0":[2,0],"1":[2,2]}}
,"/Users/akibrahim/dev/Programming/portfolio-backend/src/ws/authz.ts": {"path":"/Users/akibrahim/dev/Programming/portfolio-backend/src/ws/authz.ts","statementMap":{"0":{"start":{"line":14,"column":0},"end":{"line":14,"column":16}},"1":{"start":{"line":16,"column":17},"end":{"line":16,"column":31}},"2":{"start":{"line":18,"column":2},"end":{"line":20,"column":3}},"3":{"start":{"line":19,"column":4},"end":{"line":19,"column":36}},"4":{"start":{"line":21,"column":2},"end":{"line":21,"column":16}}},"fnMap":{"0":{"name":"requireAuth","decl":{"start":{"line":14,"column":16},"end":{"line":14,"column":27}},"loc":{"start":{"line":14,"column":47},"end":{"line":22,"column":1}}}},"branchMap":{"0":{"loc":{"start":{"line":18,"column":2},"end":{"line":20,"column":3}},"type":"if","locations":[{"start":{"line":18,"column":2},"end":{"line":20,"column":3}}]}},"s":{"0":5,"1":6,"2":6,"3":1,"4":5},"f":{"0":6},"b":{"0":[1]}}
,"/Users/akibrahim/dev/Programming/portfolio-backend/src/ws/handlers.ts": {"path":"/Users/akibrahim/dev/Programming/portfolio-backend/src/ws/handlers.ts","statementMap":{"0":{"start":{"line":40,"column":0},"end":{"line":40,"column":16}},"1":{"start":{"line":9,"column":0},"end":{"line":9,"column":31}},"2":{"start":{"line":14,"column":0},"end":{"line":14,"column":58}},"3":{"start":{"line":15,"column":0},"end":{"line":15,"column":54}},"4":{"start":{"line":16,"column":0},"end":{"line":16,"column":53}},"5":{"start":{"line":17,"column":0},"end":{"line":17,"column":49}},"6":{"start":{"line":18,"column":0},"end":{"line":18,"column":38}},"7":{"start":{"line":45,"column":4},"end":{"line":45,"column":54}},"8":{"start":{"line":50,"column":37},"end":{"line":50,"column":44}},"9":{"start":{"line":50,"column":43},"end":{"line":50,"column":44}},"10":{"start":{"line":54,"column":28},"end":{"line":56,"column":3}},"11":{"start":{"line":55,"column":4},"end":{"line":55,"column":24}},"12":{"start":{"line":59,"column":26},"end":{"line":59,"column":56}},"13":{"start":{"line":60,"column":24},"end":{"line":60,"column":52}},"14":{"start":{"line":61,"column":24},"end":{"line":61,"column":76}},"15":{"start":{"line":61,"column":59},"end":{"line":61,"column":75}},"16":{"start":{"line":67,"column":19},"end":{"line":67,"column":33}},"17":{"start":{"line":68,"column":4},"end":{"line":68,"column":30}},"18":{"start":{"line":68,"column":17},"end":{"line":68,"column":30}},"19":{"start":{"line":69,"column":4},"end":{"line":69,"column":30}},"20":{"start":{"line":81,"column":4},"end":{"line":86,"column":5}},"21":{"start":{"line":83,"column":6},"end":{"line":83,"column":48}},"22":{"start":{"line":85,"column":6},"end":{"line":85,"column":71}},"23":{"start":{"line":88,"column":18},"end":{"line":88,"column":28}},"24":{"start":{"line":89,"column":13},"end":{"line":89,"column":17}},"25":{"start":{"line":91,"column":4},"end":{"line":149,"column":5}},"26":{"start":{"line":92,"column":6},"end":{"line":134,"column":7}},"27":{"start":{"line":95,"column":22},"end":{"line":95,"column":65}},"28":{"start":{"line":96,"column":28},"end":{"line":96,"column":47}},"29":{"start":{"line":97,"column":10},"end":{"line":97,"column":84}},"30":{"start":{"line":101,"column":10},"end":{"line":101,"column":53}},"31":{"start":{"line":102,"column":23},"end":{"line":102,"column":81}},"32":{"start":{"line":103,"column":10},"end":{"line":103,"column":90}},"33":{"start":{"line":107,"column":10},"end":{"line":107,"column":62}},"34":{"start":{"line":109,"column":10},"end":{"line":109,"column":61}},"35":{"start":{"line":111,"column":10},"end":{"line":111,"column":92}},"36":{"start":{"line":111,"column":27},"end":{"line":111,"column":92}},"37":{"start":{"line":112,"column":10},"end":{"line":112,"column":69}},"38":{"start":{"line":114,"column":10},"end":{"line":114,"column":92}},"39":{"start":{"line":114,"column":27},"end":{"line":114,"column":92}},"40":{"start":{"line":115,"column":10},"end":{"line":115,"column":69}},"41":{"start":{"line":117,"column":10},"end":{"line":117,"column":92}},"42":{"start":{"line":117,"column":27},"end":{"line":117,"column":92}},"43":{"start":{"line":118,"column":10},"end":{"line":118,"column":69}},"44":{"start":{"line":121,"column":10},"end":{"line":121,"column":92}},"45":{"start":{"line":121,"column":27},"end":{"line":121,"column":92}},"46":{"start":{"line":122,"column":10},"end":{"line":122,"column":74}},"47":{"start":{"line":124,"column":10},"end":{"line":124,"column":92}},"48":{"start":{"line":124,"column":27},"end":{"line":124,"column":92}},"49":{"start":{"line":125,"column":10},"end":{"line":125,"column":68}},"50":{"start":{"line":128,"column":10},"end":{"line":128,"column":43}},"51":{"start":{"line":130,"column":10},"end":{"line":130,"column":65}},"52":{"start":{"line":132,"column":10},"end":{"line":132,"column":21}},"53":{"start":{"line":133,"column":10},"end":{"line":133,"column":93}},"54":{"start":{"line":136,"column":6},"end":{"line":136,"column":17}},"55":{"start":{"line":138,"column":22},"end":{"line":138,"column":74}},"56":{"start":{"line":139,"column":6},"end":{"line":139,"column":55}},"57":{"start":{"line":142,"column":25},"end":{"line":142,"column":43}},"58":{"start":{"line":143,"column":6},"end":{"line":143,"column":34}},"59":{"start":{"line":144,"column":21},"end":{"line":144,"column":35}},"60":{"start":{"line":145,"column":6},"end":{"line":148,"column":8}},"61":{"start":{"line":152,"column":2},"end":{"line":152,"column":60}}},"fnMap":{"0":{"name":"buildHandlers","decl":{"start":{"line":40,"column":16},"end":{"line":40,"column":29}},"loc":{"start":{"line":40,"column":69},"end":{"line":153,"column":1}}},"1":{"name":"onConnection","decl":{"start":{"line":44,"column":17},"end":{"line":44,"column":29}},"loc":{"start":{"line":44,"column":69},"end":{"line":46,"column":3}}},"2":{"name":"(anonymous_2)","decl":{"start":{"line":50,"column":37},"end":{"line":50,"column":40}},"loc":{"start":{"line":50,"column":43},"end":{"line":50,"column":44}}},"3":{"name":"(anonymous_3)","decl":{"start":{"line":54,"column":28},"end":{"line":54,"column":29}},"loc":{"start":{"line":54,"column":49},"end":{"line":56,"column":3}}},"4":{"name":"(anonymous_4)","decl":{"start":{"line":61,"column":53},"end":{"line":61,"column":56}},"loc":{"start":{"line":61,"column":59},"end":{"line":61,"column":75}}},"5":{"name":"allow","decl":{"start":{"line":66,"column":11},"end":{"line":66,"column":16}},"loc":{"start":{"line":66,"column":36},"end":{"line":70,"column":3}}},"6":{"name":"handleMessage","decl":{"start":{"line":79,"column":17},"end":{"line":79,"column":30}},"loc":{"start":{"line":79,"column":82},"end":{"line":150,"column":3}}}},"branchMap":{"0":{"loc":{"start":{"line":68,"column":4},"end":{"line":68,"column":30}},"type":"if","locations":[{"start":{"line":68,"column":4},"end":{"line":68,"column":30}}]},"1":{"loc":{"start":{"line":92,"column":6},"end":{"line":134,"column":7}},"type":"switch","locations":[{"start":{"line":93,"column":8},"end":{"line":98,"column":9}},{"start":{"line":99,"column":8},"end":{"line":104,"column":9}},{"start":{"line":106,"column":8},"end":{"line":107,"column":62}},{"start":{"line":108,"column":8},"end":{"line":109,"column":61}},{"start":{"line":110,"column":8},"end":{"line":112,"column":69}},{"start":{"line":113,"column":8},"end":{"line":115,"column":69}},{"start":{"line":116,"column":8},"end":{"line":118,"column":69}},{"start":{"line":120,"column":8},"end":{"line":122,"column":74}},{"start":{"line":123,"column":8},"end":{"line":125,"column":68}},{"start":{"line":127,"column":8},"end":{"line":128,"column":43}},{"start":{"line":129,"column":8},"end":{"line":130,"column":65}},{"start":{"line":131,"column":8},"end":{"line":133,"column":93}}]},"2":{"loc":{"start":{"line":111,"column":10},"end":{"line":111,"column":92}},"type":"if","locations":[{"start":{"line":111,"column":10},"end":{"line":111,"column":92}}]},"3":{"loc":{"start":{"line":114,"column":10},"end":{"line":114,"column":92}},"type":"if","locations":[{"start":{"line":114,"column":10},"end":{"line":114,"column":92}}]},"4":{"loc":{"start":{"line":117,"column":10},"end":{"line":117,"column":92}},"type":"if","locations":[{"start":{"line":117,"column":10},"end":{"line":117,"column":92}}]},"5":{"loc":{"start":{"line":121,"column":10},"end":{"line":121,"column":92}},"type":"if","locations":[{"start":{"line":121,"column":10},"end":{"line":121,"column":92}}]},"6":{"loc":{"start":{"line":124,"column":10},"end":{"line":124,"column":92}},"type":"if","locations":[{"start":{"line":124,"column":10},"end":{"line":124,"column":92}}]},"7":{"loc":{"start":{"line":138,"column":22},"end":{"line":138,"column":74}},"type":"cond-expr","locations":[{"start":{"line":138,"column":45},"end":{"line":138,"column":56}},{"start":{"line":138,"column":59},"end":{"line":138,"column":74}}]}},"s":{"0":3,"1":3,"2":3,"3":3,"4":3,"5":3,"6":3,"7":2,"8":3,"9":0,"10":3,"11":0,"12":3,"13":3,"14":3,"15":0,"16":2,"17":2,"18":0,"19":2,"20":4,"21":4,"22":0,"23":4,"24":4,"25":4,"26":4,"27":1,"28":1,"29":1,"30":0,"31":0,"32":0,"33":1,"34":0,"35":2,"36":1,"37":1,"38":0,"39":0,"40":0,"41":0,"42":0,"43":0,"44":0,"45":0,"46":0,"47":0,"48":0,"49":0,"50":0,"51":0,"52":0,"53":0,"54":0,"55":0,"56":0,"57":4,"58":4,"59":4,"60":4,"61":3},"f":{"0":3,"1":2,"2":0,"3":0,"4":0,"5":2,"6":4},"b":{"0":[0],"1":[1,0,1,0,2,0,0,0,0,0,0,0],"2":[1],"3":[0],"4":[0],"5":[0],"6":[0],"7":[0,0]}}
,"/Users/akibrahim/dev/Programming/portfolio-backend/src/ws/rateLimit.ts": {"path":"/Users/akibrahim/dev/Programming/portfolio-backend/src/ws/rateLimit.ts","statementMap":{"0":{"start":{"line":24,"column":0},"end":{"line":24,"column":16}},"1":{"start":{"line":41,"column":0},"end":{"line":41,"column":16}},"2":{"start":{"line":6,"column":0},"end":{"line":6,"column":31}},"3":{"start":{"line":13,"column":16},"end":{"line":13,"column":41}},"4":{"start":{"line":16,"column":19},"end":{"line":16,"column":52}},"5":{"start":{"line":17,"column":16},"end":{"line":17,"column":32}},"6":{"start":{"line":18,"column":16},"end":{"line":18,"column":39}},"7":{"start":{"line":19,"column":2},"end":{"line":19,"column":25}},"8":{"start":{"line":19,"column":18},"end":{"line":19,"column":25}},"9":{"start":{"line":20,"column":2},"end":{"line":20,"column":68}},"10":{"start":{"line":21,"column":2},"end":{"line":21,"column":26}},"11":{"start":{"line":25,"column":19},"end":{"line":25,"column":52}},"12":{"start":{"line":26,"column":14},"end":{"line":26,"column":24}},"13":{"start":{"line":27,"column":15},"end":{"line":27,"column":34}},"14":{"start":{"line":28,"column":2},"end":{"line":31,"column":3}},"15":{"start":{"line":29,"column":4},"end":{"line":29,"column":51}},"16":{"start":{"line":30,"column":4},"end":{"line":30,"column":32}},"17":{"start":{"line":32,"column":2},"end":{"line":32,"column":22}},"18":{"start":{"line":33,"column":2},"end":{"line":36,"column":3}},"19":{"start":{"line":34,"column":4},"end":{"line":34,"column":26}},"20":{"start":{"line":35,"column":4},"end":{"line":35,"column":16}},"21":{"start":{"line":37,"column":2},"end":{"line":37,"column":15}},"22":{"start":{"line":42,"column":2},"end":{"line":42,"column":18}}},"fnMap":{"0":{"name":"refill","decl":{"start":{"line":15,"column":9},"end":{"line":15,"column":15}},"loc":{"start":{"line":15,"column":43},"end":{"line":22,"column":1}}},"1":{"name":"consume","decl":{"start":{"line":24,"column":16},"end":{"line":24,"column":23}},"loc":{"start":{"line":24,"column":48},"end":{"line":38,"column":1}}},"2":{"name":"__resetBucketsForTest","decl":{"start":{"line":41,"column":16},"end":{"line":41,"column":37}},"loc":{"start":{"line":41,"column":37},"end":{"line":43,"column":1}}}},"branchMap":{"0":{"loc":{"start":{"line":19,"column":2},"end":{"line":19,"column":25}},"type":"if","locations":[{"start":{"line":19,"column":2},"end":{"line":19,"column":25}}]},"1":{"loc":{"start":{"line":24,"column":40},"end":{"line":24,"column":48}},"type":"default-arg","locations":[{"start":{"line":24,"column":47},"end":{"line":24,"column":48}}]},"2":{"loc":{"start":{"line":28,"column":2},"end":{"line":31,"column":3}},"type":"if","locations":[{"start":{"line":28,"column":2},"end":{"line":31,"column":3}}]},"3":{"loc":{"start":{"line":33,"column":2},"end":{"line":36,"column":3}},"type":"if","locations":[{"start":{"line":33,"column":2},"end":{"line":36,"column":3}}]}},"s":{"0":4,"1":4,"2":4,"3":4,"4":5,"5":5,"6":5,"7":5,"8":3,"9":2,"10":2,"11":5,"12":5,"13":5,"14":5,"15":2,"16":2,"17":5,"18":5,"19":3,"20":3,"21":2,"22":1},"f":{"0":5,"1":5,"2":1},"b":{"0":[3],"1":[3],"2":[2],"3":[3]}}
,"/Users/akibrahim/dev/Programming/portfolio-backend/src/ws/types.ts": {"path":"/Users/akibrahim/dev/Programming/portfolio-backend/src/ws/types.ts","statementMap":{"0":{"start":{"line":14,"column":0},"end":{"line":14,"column":16}},"1":{"start":{"line":15,"column":32},"end":{"line":15,"column":50}},"2":{"start":{"line":16,"column":2},"end":{"line":16,"column":39}}},"fnMap":{"0":{"name":"send","decl":{"start":{"line":14,"column":16},"end":{"line":14,"column":20}},"loc":{"start":{"line":14,"column":87},"end":{"line":17,"column":1}}}},"branchMap":{},"s":{"0":7,"1":11,"2":11},"f":{"0":11},"b":{}}
,"/Users/akibrahim/dev/Programming/portfolio-backend/src/ws/events/assets.ts": {"path":"/Users/akibrahim/dev/Programming/portfolio-backend/src/ws/events/assets.ts","statementMap":{"0":{"start":{"line":15,"column":0},"end":{"line":15,"column":16}},"1":{"start":{"line":8,"column":0},"end":{"line":8,"column":34}},"2":{"start":{"line":9,"column":0},"end":{"line":9,"column":61}},"3":{"start":{"line":10,"column":0},"end":{"line":10,"column":43}},"4":{"start":{"line":11,"column":0},"end":{"line":11,"column":32}},"5":{"start":{"line":13,"column":0},"end":{"line":13,"column":39}},"6":{"start":{"line":16,"column":2},"end":{"line":72,"column":13}},"7":{"start":{"line":19,"column":6},"end":{"line":19,"column":23}},"8":{"start":{"line":20,"column":18},"end":{"line":20,"column":63}},"9":{"start":{"line":23,"column":21},"end":{"line":23,"column":45}},"10":{"start":{"line":24,"column":6},"end":{"line":24,"column":97}},"11":{"start":{"line":24,"column":19},"end":{"line":24,"column":97}},"12":{"start":{"line":27,"column":25},"end":{"line":27,"column":81}},"13":{"start":{"line":30,"column":6},"end":{"line":32,"column":7}},"14":{"start":{"line":31,"column":8},"end":{"line":31,"column":75}},"15":{"start":{"line":33,"column":6},"end":{"line":38,"column":7}},"16":{"start":{"line":37,"column":8},"end":{"line":37,"column":81}},"17":{"start":{"line":41,"column":24},"end":{"line":46,"column":8}},"18":{"start":{"line":49,"column":6},"end":{"line":54,"column":9}},"19":{"start":{"line":58,"column":21},"end":{"line":58,"column":37}},"20":{"start":{"line":59,"column":18},"end":{"line":59,"column":57}},"21":{"start":{"line":62,"column":20},"end":{"line":68,"column":8}},"22":{"start":{"line":70,"column":6},"end":{"line":70,"column":55}}},"fnMap":{"0":{"name":"registerAssetEvents","decl":{"start":{"line":15,"column":16},"end":{"line":15,"column":35}},"loc":{"start":{"line":15,"column":52},"end":{"line":73,"column":1}}},"1":{"name":"(anonymous_2)","decl":{"start":{"line":17,"column":4},"end":{"line":17,"column":9}},"loc":{"start":{"line":17,"column":80},"end":{"line":55,"column":5}}},"2":{"name":"(anonymous_3)","decl":{"start":{"line":56,"column":4},"end":{"line":56,"column":9}},"loc":{"start":{"line":56,"column":74},"end":{"line":71,"column":5}}}},"branchMap":{"0":{"loc":{"start":{"line":24,"column":6},"end":{"line":24,"column":97}},"type":"if","locations":[{"start":{"line":24,"column":6},"end":{"line":24,"column":97}}]},"1":{"loc":{"start":{"line":30,"column":6},"end":{"line":32,"column":7}},"type":"if","locations":[{"start":{"line":30,"column":6},"end":{"line":32,"column":7}}]},"2":{"loc":{"start":{"line":33,"column":6},"end":{"line":38,"column":7}},"type":"if","locations":[{"start":{"line":33,"column":6},"end":{"line":38,"column":7}}]},"3":{"loc":{"start":{"line":34,"column":8},"end":{"line":35,"column":61}},"type":"binary-expr","locations":[{"start":{"line":34,"column":8},"end":{"line":34,"column":41}},{"start":{"line":35,"column":8},"end":{"line":35,"column":61}}]},"4":{"loc":{"start":{"line":64,"column":17},"end":{"line":64,"column":38}},"type":"binary-expr","locations":[{"start":{"line":64,"column":17},"end":{"line":64,"column":28}},{"start":{"line":64,"column":32},"end":{"line":64,"column":38}}]}},"s":{"0":3,"1":3,"2":3,"3":3,"4":3,"5":3,"6":3,"7":1,"8":1,"9":1,"10":1,"11":0,"12":1,"13":1,"14":0,"15":1,"16":0,"17":1,"18":1,"19":0,"20":0,"21":0,"22":0},"f":{"0":3,"1":1,"2":0},"b":{"0":[0],"1":[0],"2":[0],"3":[1,1],"4":[0,0]}}
,"/Users/akibrahim/dev/Programming/portfolio-backend/src/ws/events/projects.ts": {"path":"/Users/akibrahim/dev/Programming/portfolio-backend/src/ws/events/projects.ts","statementMap":{"0":{"start":{"line":15,"column":0},"end":{"line":15,"column":16}},"1":{"start":{"line":10,"column":0},"end":{"line":10,"column":47}},"2":{"start":{"line":11,"column":0},"end":{"line":11,"column":32}},"3":{"start":{"line":13,"column":0},"end":{"line":13,"column":39}},"4":{"start":{"line":16,"column":2},"end":{"line":129,"column":13}},"5":{"start":{"line":25,"column":18},"end":{"line":25,"column":56}},"6":{"start":{"line":28,"column":46},"end":{"line":28,"column":48}},"7":{"start":{"line":29,"column":6},"end":{"line":29,"column":58}},"8":{"start":{"line":29,"column":28},"end":{"line":29,"column":58}},"9":{"start":{"line":30,"column":6},"end":{"line":30,"column":96}},"10":{"start":{"line":30,"column":36},"end":{"line":30,"column":96}},"11":{"start":{"line":31,"column":6},"end":{"line":35,"column":10}},"12":{"start":{"line":32,"column":8},"end":{"line":35,"column":10}},"13":{"start":{"line":38,"column":20},"end":{"line":38,"column":35}},"14":{"start":{"line":41,"column":27},"end":{"line":41,"column":73}},"15":{"start":{"line":44,"column":20},"end":{"line":46,"column":15}},"16":{"start":{"line":49,"column":19},"end":{"line":49,"column":75}},"17":{"start":{"line":51,"column":8},"end":{"line":51,"column":91}},"18":{"start":{"line":53,"column":6},"end":{"line":53,"column":66}},"19":{"start":{"line":62,"column":18},"end":{"line":62,"column":55}},"20":{"start":{"line":63,"column":22},"end":{"line":67,"column":16}},"21":{"start":{"line":68,"column":6},"end":{"line":68,"column":72}},"22":{"start":{"line":78,"column":21},"end":{"line":78,"column":37}},"23":{"start":{"line":79,"column":18},"end":{"line":79,"column":58}},"24":{"start":{"line":82,"column":21},"end":{"line":82,"column":74}},"25":{"start":{"line":83,"column":6},"end":{"line":83,"column":90}},"26":{"start":{"line":83,"column":18},"end":{"line":83,"column":90}},"27":{"start":{"line":86,"column":22},"end":{"line":86,"column":76}},"28":{"start":{"line":87,"column":6},"end":{"line":87,"column":58}},"29":{"start":{"line":97,"column":21},"end":{"line":97,"column":37}},"30":{"start":{"line":98,"column":18},"end":{"line":98,"column":58}},"31":{"start":{"line":100,"column":22},"end":{"line":100,"column":59}},"32":{"start":{"line":101,"column":6},"end":{"line":101,"column":90}},"33":{"start":{"line":101,"column":20},"end":{"line":101,"column":90}},"34":{"start":{"line":102,"column":6},"end":{"line":104,"column":7}},"35":{"start":{"line":103,"column":8},"end":{"line":103,"column":70}},"36":{"start":{"line":106,"column":22},"end":{"line":106,"column":93}},"37":{"start":{"line":107,"column":6},"end":{"line":107,"column":58}},"38":{"start":{"line":117,"column":21},"end":{"line":117,"column":37}},"39":{"start":{"line":118,"column":18},"end":{"line":118,"column":58}},"40":{"start":{"line":120,"column":22},"end":{"line":120,"column":59}},"41":{"start":{"line":121,"column":6},"end":{"line":121,"column":73}},"42":{"start":{"line":121,"column":20},"end":{"line":121,"column":73}},"43":{"start":{"line":122,"column":6},"end":{"line":124,"column":7}},"44":{"start":{"line":123,"column":8},"end":{"line":123,"column":70}},"45":{"start":{"line":126,"column":6},"end":{"line":126,"column":46}},"46":{"start":{"line":127,"column":6},"end":{"line":127,"column":59}}},"fnMap":{"0":{"name":"registerProjectEvents","decl":{"start":{"line":15,"column":16},"end":{"line":15,"column":37}},"loc":{"start":{"line":15,"column":54},"end":{"line":130,"column":1}}},"1":{"name":"(anonymous_1)","decl":{"start":{"line":24,"column":4},"end":{"line":24,"column":9}},"loc":{"start":{"line":24,"column":50},"end":{"line":54,"column":5}}},"2":{"name":"(anonymous_2)","decl":{"start":{"line":61,"column":4},"end":{"line":61,"column":9}},"loc":{"start":{"line":61,"column":49},"end":{"line":69,"column":5}}},"3":{"name":"(anonymous_3)","decl":{"start":{"line":77,"column":4},"end":{"line":77,"column":9}},"loc":{"start":{"line":77,"column":73},"end":{"line":88,"column":5}}},"4":{"name":"(anonymous_4)","decl":{"start":{"line":96,"column":4},"end":{"line":96,"column":9}},"loc":{"start":{"line":96,"column":73},"end":{"line":108,"column":5}}},"5":{"name":"(anonymous_5)","decl":{"start":{"line":116,"column":4},"end":{"line":116,"column":9}},"loc":{"start":{"line":116,"column":73},"end":{"line":128,"column":5}}}},"branchMap":{"0":{"loc":{"start":{"line":29,"column":6},"end":{"line":29,"column":58}},"type":"if","locations":[{"start":{"line":29,"column":6},"end":{"line":29,"column":58}}]},"1":{"loc":{"start":{"line":30,"column":6},"end":{"line":30,"column":96}},"type":"if","locations":[{"start":{"line":30,"column":6},"end":{"line":30,"column":96}}]},"2":{"loc":{"start":{"line":31,"column":6},"end":{"line":35,"column":10}},"type":"if","locations":[{"start":{"line":31,"column":6},"end":{"line":35,"column":10}}]},"3":{"loc":{"start":{"line":38,"column":20},"end":{"line":38,"column":35}},"type":"binary-expr","locations":[{"start":{"line":38,"column":20},"end":{"line":38,"column":29}},{"start":{"line":38,"column":33},"end":{"line":38,"column":35}}]},"4":{"loc":{"start":{"line":41,"column":27},"end":{"line":41,"column":73}},"type":"cond-expr","locations":[{"start":{"line":41,"column":40},"end":{"line":41,"column":68}},{"start":{"line":41,"column":71},"end":{"line":41,"column":73}}]},"5":{"loc":{"start":{"line":51,"column":8},"end":{"line":51,"column":91}},"type":"cond-expr","locations":[{"start":{"line":51,"column":53},"end":{"line":51,"column":79}},{"start":{"line":51,"column":82},"end":{"line":51,"column":91}}]},"6":{"loc":{"start":{"line":51,"column":8},"end":{"line":51,"column":50}},"type":"binary-expr","locations":[{"start":{"line":51,"column":8},"end":{"line":51,"column":30}},{"start":{"line":51,"column":34},"end":{"line":51,"column":38}},{"start":{"line":51,"column":42},"end":{"line":51,"column":50}}]},"7":{"loc":{"start":{"line":63,"column":22},"end":{"line":67,"column":16}},"type":"cond-expr","locations":[{"start":{"line":64,"column":10},"end":{"line":64,"column":47}},{"start":{"line":65,"column":10},"end":{"line":67,"column":16}}]},"8":{"loc":{"start":{"line":65,"column":10},"end":{"line":67,"column":16}},"type":"cond-expr","locations":[{"start":{"line":66,"column":12},"end":{"line":66,"column":60}},{"start":{"line":67,"column":12},"end":{"line":67,"column":16}}]},"9":{"loc":{"start":{"line":68,"column":53},"end":{"line":68,"column":68}},"type":"binary-expr","locations":[{"start":{"line":68,"column":53},"end":{"line":68,"column":60}},{"start":{"line":68,"column":64},"end":{"line":68,"column":68}}]},"10":{"loc":{"start":{"line":83,"column":6},"end":{"line":83,"column":90}},"type":"if","locations":[{"start":{"line":83,"column":6},"end":{"line":83,"column":90}}]},"11":{"loc":{"start":{"line":101,"column":6},"end":{"line":101,"column":90}},"type":"if","locations":[{"start":{"line":101,"column":6},"end":{"line":101,"column":90}}]},"12":{"loc":{"start":{"line":102,"column":6},"end":{"line":104,"column":7}},"type":"if","locations":[{"start":{"line":102,"column":6},"end":{"line":104,"column":7}}]},"13":{"loc":{"start":{"line":121,"column":6},"end":{"line":121,"column":73}},"type":"if","locations":[{"start":{"line":121,"column":6},"end":{"line":121,"column":73}}]},"14":{"loc":{"start":{"line":122,"column":6},"end":{"line":124,"column":7}},"type":"if","locations":[{"start":{"line":122,"column":6},"end":{"line":124,"column":7}}]}},"s":{"0":3,"1":3,"2":3,"3":3,"4":3,"5":1,"6":1,"7":1,"8":0,"9":1,"10":0,"11":1,"12":0,"13":1,"14":1,"15":1,"16":1,"17":1,"18":1,"19":0,"20":0,"21":0,"22":1,"23":1,"24":1,"25":1,"26":0,"27":1,"28":1,"29":1,"30":1,"31":1,"32":1,"33":0,"34":1,"35":0,"36":1,"37":1,"38":1,"39":1,"40":1,"41":1,"42":0,"43":1,"44":0,"45":1,"46":1},"f":{"0":3,"1":1,"2":0,"3":1,"4":1,"5":1},"b":{"0":[0],"1":[0],"2":[0],"3":[1,0],"4":[0,1],"5":[0,1],"6":[1,0,0],"7":[0,0],"8":[0,0],"9":[0,0],"10":[0],"11":[0],"12":[0],"13":[0],"14":[0]}}
,"/Users/akibrahim/dev/Programming/portfolio-backend/src/ws/events/stats.ts": {"path":"/Users/akibrahim/dev/Programming/portfolio-backend/src/ws/events/stats.ts","statementMap":{"0":{"start":{"line":20,"column":0},"end":{"line":20,"column":16}},"1":{"start":{"line":12,"column":0},"end":{"line":12,"column":32}},"2":{"start":{"line":13,"column":0},"end":{"line":13,"column":49}},"3":{"start":{"line":21,"column":2},"end":{"line":43,"column":13}},"4":{"start":{"line":26,"column":19},"end":{"line":26,"column":45}},"5":{"start":{"line":27,"column":6},"end":{"line":27,"column":45}},"6":{"start":{"line":34,"column":18},"end":{"line":34,"column":79}},"7":{"start":{"line":35,"column":21},"end":{"line":35,"column":43}},"8":{"start":{"line":36,"column":41},"end":{"line":36,"column":45}},"9":{"start":{"line":37,"column":19},"end":{"line":37,"column":84}},"10":{"start":{"line":37,"column":25},"end":{"line":37,"column":84}},"11":{"start":{"line":38,"column":6},"end":{"line":38,"column":40}},"12":{"start":{"line":39,"column":6},"end":{"line":39,"column":64}},"13":{"start":{"line":39,"column":33},"end":{"line":39,"column":62}},"14":{"start":{"line":41,"column":6},"end":{"line":41,"column":20}}},"fnMap":{"0":{"name":"registerStatsEvents","decl":{"start":{"line":20,"column":16},"end":{"line":20,"column":35}},"loc":{"start":{"line":20,"column":82},"end":{"line":44,"column":1}}},"1":{"name":"(anonymous_1)","decl":{"start":{"line":25,"column":4},"end":{"line":25,"column":9}},"loc":{"start":{"line":25,"column":31},"end":{"line":28,"column":5}}},"2":{"name":"(anonymous_2)","decl":{"start":{"line":33,"column":4},"end":{"line":33,"column":9}},"loc":{"start":{"line":33,"column":55},"end":{"line":42,"column":5}}},"3":{"name":"(anonymous_3)","decl":{"start":{"line":37,"column":19},"end":{"line":37,"column":22}},"loc":{"start":{"line":37,"column":25},"end":{"line":37,"column":84}}},"4":{"name":"(anonymous_4)","decl":{"start":{"line":39,"column":27},"end":{"line":39,"column":30}},"loc":{"start":{"line":39,"column":33},"end":{"line":39,"column":62}}}},"branchMap":{"0":{"loc":{"start":{"line":34,"column":50},"end":{"line":34,"column":78}},"type":"binary-expr","locations":[{"start":{"line":34,"column":50},"end":{"line":34,"column":57}},{"start":{"line":34,"column":61},"end":{"line":34,"column":78}}]},"1":{"loc":{"start":{"line":35,"column":21},"end":{"line":35,"column":43}},"type":"binary-expr","locations":[{"start":{"line":35,"column":21},"end":{"line":35,"column":35}},{"start":{"line":35,"column":39},"end":{"line":35,"column":43}}]},"2":{"loc":{"start":{"line":39,"column":33},"end":{"line":39,"column":62}},"type":"binary-expr","locations":[{"start":{"line":39,"column":33},"end":{"line":39,"column":38}},{"start":{"line":39,"column":42},"end":{"line":39,"column":62}}]}},"s":{"0":3,"1":3,"2":3,"3":3,"4":1,"5":1,"6":0,"7":0,"8":0,"9":0,"10":0,"11":0,"12":0,"13":0,"14":0},"f":{"0":3,"1":1,"2":0,"3":0,"4":0},"b":{"0":[0,0],"1":[0,0],"2":[0,0]}}
}
