TN:
SF:src/index.ts
FN:47,extractTokenFromReq
FN:50,(anonymous_11)
FN:50,(anonymous_12)
FN:61,main
FN:81,(anonymous_14)
FN:98,(anonymous_15)
FN:112,(anonymous_16)
FN:124,(anonymous_17)
FN:125,(anonymous_18)
FN:141,(anonymous_19)
FN:144,(anonymous_20)
FN:166,(anonymous_21)
FN:171,(anonymous_22)
FN:173,(anonymous_23)
FN:177,(anonymous_24)
FN:180,(anonymous_25)
FN:181,(anonymous_26)
FN:188,(anonymous_27)
FN:193,(anonymous_28)
FNF:19
FNH:0
FNDA:0,extractTokenFromReq
FNDA:0,(anonymous_11)
FNDA:0,(anonymous_12)
FNDA:0,main
FNDA:0,(anonymous_14)
FNDA:0,(anonymous_15)
FNDA:0,(anonymous_16)
FNDA:0,(anonymous_17)
FNDA:0,(anonymous_18)
FNDA:0,(anonymous_19)
FNDA:0,(anonymous_20)
FNDA:0,(anonymous_21)
FNDA:0,(anonymous_22)
FNDA:0,(anonymous_23)
FNDA:0,(anonymous_24)
FNDA:0,(anonymous_25)
FNDA:0,(anonymous_26)
FNDA:0,(anonymous_27)
FNDA:0,(anonymous_28)
DA:15,0
DA:16,0
DA:17,0
DA:18,0
DA:19,0
DA:20,0
DA:21,0
DA:22,0
DA:23,0
DA:25,0
DA:26,0
DA:27,0
DA:28,0
DA:29,0
DA:30,0
DA:31,0
DA:33,0
DA:34,0
DA:35,0
DA:36,0
DA:38,0
DA:49,0
DA:50,0
DA:51,0
DA:53,0
DA:54,0
DA:55,0
DA:63,0
DA:65,0
DA:66,0
DA:68,0
DA:75,0
DA:78,0
DA:81,0
DA:83,0
DA:84,0
DA:85,0
DA:98,0
DA:100,0
DA:101,0
DA:102,0
DA:112,0
DA:113,0
DA:117,0
DA:121,0
DA:124,0
DA:125,0
DA:128,0
DA:131,0
DA:134,0
DA:136,0
DA:141,0
DA:144,0
DA:146,0
DA:147,0
DA:148,0
DA:150,0
DA:151,0
DA:154,0
DA:155,0
DA:158,0
DA:159,0
DA:162,0
DA:163,0
DA:165,0
DA:166,0
DA:167,0
DA:171,0
DA:173,0
DA:177,0
DA:178,0
DA:180,0
DA:181,0
DA:183,0
DA:188,0
DA:189,0
DA:193,0
DA:195,0
DA:196,0
LF:79
LH:0
BRDA:50,0,0,0
BRDA:50,0,1,0
BRDA:51,1,0,0
BRDA:53,2,0,0
BRDA:53,2,1,0
BRDA:54,3,0,0
BRDA:54,3,1,0
BRDA:71,4,0,0
BRDA:71,4,1,0
BRDA:102,5,0,0
BRDA:102,5,1,0
BRDA:121,6,0,0
BRDA:121,6,1,0
BRDA:148,7,0,0
BRF:14
BRH:0
end_of_record
TN:
SF:src/config/index.ts
FN:16,(anonymous_0)
FN:17,(anonymous_1)
FN:38,(anonymous_2)
FN:45,(anonymous_3)
FN:51,parseCsv
FN:55,(anonymous_5)
FN:67,resolveMongoUri
FNF:7
FNH:4
FNDA:0,(anonymous_0)
FNDA:0,(anonymous_1)
FNDA:0,(anonymous_2)
FNDA:2,(anonymous_3)
FNDA:22,parseCsv
FNDA:2,(anonymous_5)
FNDA:11,resolveMongoUri
DA:10,11
DA:12,11
DA:16,0
DA:17,0
DA:38,0
DA:45,2
DA:49,11
DA:52,22
DA:53,1
DA:55,2
DA:59,11
DA:68,11
DA:69,11
DA:70,11
DA:72,0
DA:73,0
DA:77,0
DA:79,0
DA:82,11
DA:84,11
DA:90,11
DA:93,11
DA:96,11
DA:134,11
LF:24
LH:17
BRDA:16,0,0,0
BRDA:16,0,1,0
BRDA:17,1,0,0
BRDA:17,1,1,0
BRDA:38,2,0,0
BRDA:38,2,1,0
BRDA:45,3,0,2
BRDA:45,3,1,0
BRDA:52,4,0,21
BRDA:59,5,0,11
BRDA:59,5,1,10
BRDA:68,6,0,11
BRDA:68,6,1,11
BRDA:68,6,2,11
BRDA:69,7,0,11
BRDA:69,8,0,11
BRDA:69,8,1,11
BRDA:72,9,0,0
BRDA:73,10,0,0
BRDA:74,11,0,0
BRDA:74,11,1,0
BRDA:74,11,2,0
BRDA:74,11,3,0
BRDA:84,12,0,11
BRDA:84,12,1,11
BRDA:93,13,0,11
BRDA:93,13,1,11
BRDA:94,14,0,2
BRDA:94,14,1,9
BRDA:98,15,0,0
BRDA:98,15,1,11
BRDA:99,16,0,11
BRDA:99,16,1,0
BRDA:100,17,0,11
BRDA:100,17,1,0
BRDA:119,18,0,0
BRDA:119,18,1,11
BRDA:127,19,0,0
BRDA:127,19,1,11
BRF:39
BRH:21
end_of_record
TN:
SF:src/infra/mongo.ts
FN:3,createMongoClient
FNF:1
FNH:1
FNDA:2,createMongoClient
DA:1,1
DA:3,1
DA:4,2
DA:5,1
DA:11,1
DA:12,1
LF:6
LH:6
BRDA:4,0,0,1
BRF:1
BRH:1
end_of_record
TN:
SF:src/infra/mongoose.ts
FN:13,connectMongoose
FNF:1
FNH:1
FNDA:2,connectMongoose
DA:6,1
DA:7,1
DA:13,1
DA:14,2
DA:16,2
DA:17,2
DA:18,1
DA:23,1
DA:28,1
LF:9
LH:9
BRDA:14,0,0,2
BRDA:14,0,1,2
BRDA:14,0,2,0
BRDA:16,1,0,0
BRDA:17,2,0,1
BRDA:17,3,0,2
BRDA:17,3,1,1
BRF:7
BRH:5
end_of_record
TN:
SF:src/lib/context.ts
FN:38,buildContext
FNF:1
FNH:1
FNDA:2,buildContext
DA:38,2
DA:39,2
LF:2
LH:2
BRF:0
BRH:0
end_of_record
TN:
SF:src/logging/metrics.ts
FN:14,trimOld
FN:22,recordEvent
FN:31,p95
FN:33,(anonymous_3)
FN:41,snapshot
FNF:5
FNH:5
FNDA:8,trimOld
FNDA:6,recordEvent
FNDA:2,p95
FNDA:1,(anonymous_3)
FNDA:2,snapshot
DA:10,5
DA:11,5
DA:12,5
DA:16,8
DA:22,5
DA:23,6
DA:24,6
DA:25,6
DA:26,6
DA:27,6
DA:28,6
DA:32,2
DA:33,1
DA:34,1
DA:35,1
DA:41,5
DA:42,2
DA:43,2
DA:44,2
DA:45,2
DA:46,2
DA:47,2
LF:22
LH:22
BRDA:16,0,0,8
BRDA:16,0,1,7
BRDA:27,1,0,0
BRDA:28,2,0,1
BRDA:32,3,0,1
BRDA:45,4,0,2
BRDA:45,4,1,1
BRF:7
BRH:6
end_of_record
TN:
SF:src/logging/otel.ts
FN:20,startMetrics
FNF:1
FNH:1
FNDA:1,startMetrics
DA:5,1
DA:6,1
DA:7,1
DA:8,1
DA:11,1
DA:20,1
DA:22,1
DA:25,0
DA:28,0
DA:31,0
DA:34,0
DA:35,0
DA:36,0
DA:40,0
DA:41,0
LF:15
LH:7
BRDA:22,0,0,1
BRDA:22,1,0,1
BRDA:22,1,1,1
BRDA:35,2,0,0
BRF:4
BRH:3
end_of_record
TN:
SF:src/logging/sentry.ts
FN:7,initSentry
FNF:1
FNH:1
FNDA:1,initSentry
DA:4,1
DA:5,1
DA:7,1
DA:8,1
DA:9,0
LF:5
LH:4
BRDA:8,0,0,1
BRF:1
BRH:1
end_of_record
TN:
SF:src/models/Asset.ts
FNF:0
FNH:0
DA:6,5
DA:8,5
DA:28,5
LF:3
LH:3
BRF:0
BRH:0
end_of_record
TN:
SF:src/models/Project.ts
FNF:0
FNH:0
DA:6,5
DA:8,5
DA:47,5
LF:3
LH:3
BRF:0
BRH:0
end_of_record
TN:
SF:src/repos/mongo/assetsRepo.ts
FN:5,(anonymous_0)
FN:9,(anonymous_1)
FNF:2
FNH:2
FNDA:3,(anonymous_0)
FNDA:1,(anonymous_1)
DA:1,3
DA:4,3
DA:6,3
DA:10,1
DA:11,1
LF:5
LH:5
BRF:0
BRH:0
end_of_record
TN:
SF:src/repos/mongo/projectsRepo.ts
FN:6,(anonymous_0)
FN:10,(anonymous_1)
FN:33,(anonymous_2)
FN:37,(anonymous_3)
FN:41,(anonymous_4)
FN:48,(anonymous_5)
FN:52,(anonymous_6)
FNF:7
FNH:6
FNDA:3,(anonymous_0)
FNDA:1,(anonymous_1)
FNDA:0,(anonymous_2)
FNDA:2,(anonymous_3)
FNDA:3,(anonymous_4)
FNDA:1,(anonymous_5)
FNDA:1,(anonymous_6)
DA:1,3
DA:2,3
DA:5,3
DA:7,3
DA:15,1
DA:16,1
DA:17,1
DA:18,1
DA:19,1
DA:20,0
DA:24,1
DA:25,1
DA:27,1
DA:30,1
DA:34,0
DA:38,2
DA:42,3
DA:43,3
DA:44,2
DA:45,2
DA:49,1
DA:53,1
LF:22
LH:20
BRDA:17,0,0,1
BRDA:18,1,0,0
BRDA:19,2,0,0
BRDA:24,3,0,0
BRDA:27,4,0,0
BRDA:27,4,1,1
BRDA:43,5,0,1
BRF:7
BRH:3
end_of_record
TN:
SF:src/schemas/index.ts
FN:15,buildSchemas
FNF:1
FNH:1
FNDA:7,buildSchemas
DA:13,7
DA:15,7
DA:17,7
DA:20,7
DA:39,7
DA:50,7
DA:51,7
DA:57,7
DA:68,7
DA:71,7
DA:75,7
DA:78,7
DA:89,7
DA:90,7
DA:93,7
DA:94,7
DA:95,7
DA:98,7
DA:99,7
DA:102,7
DA:108,7
DA:116,7
DA:123,7
DA:126,7
DA:127,7
DA:134,7
DA:139,7
DA:140,7
DA:142,7
LF:29
LH:29
BRF:0
BRH:0
end_of_record
TN:
SF:src/services/auth.ts
FN:5,verifyClientIdentity
FNF:1
FNH:0
FNDA:0,verifyClientIdentity
DA:5,0
DA:6,0
DA:8,0
LF:3
LH:0
BRDA:6,0,0,0
BRF:1
BRH:0
end_of_record
TN:
SF:src/services/gcs.ts
FN:12,createV4UploadSignedUrl
FNF:1
FNH:1
FNDA:2,createV4UploadSignedUrl
DA:5,4
DA:7,4
DA:12,4
DA:18,2
DA:19,2
DA:25,2
DA:26,2
LF:7
LH:7
BRDA:18,0,0,0
BRF:1
BRH:0
end_of_record
TN:
SF:src/services/jwt.ts
FN:15,getJwks
FN:25,verifyTokenOrThrow
FNF:2
FNH:2
FNDA:1,getJwks
FNDA:1,verifyTokenOrThrow
DA:7,1
DA:8,1
DA:10,1
DA:16,1
DA:17,0
DA:18,0
DA:25,1
DA:26,1
DA:31,0
LF:9
LH:6
BRDA:16,0,0,1
BRDA:17,1,0,0
BRF:2
BRH:1
end_of_record
TN:
SF:src/test/server.ts
FN:19,startTestServer
FN:33,(anonymous_2)
FN:34,(anonymous_3)
FN:45,(anonymous_4)
FN:49,(anonymous_5)
FN:50,(anonymous_6)
FN:53,(anonymous_7)
FN:53,(anonymous_8)
FN:59,(anonymous_9)
FN:60,(anonymous_10)
FN:60,(anonymous_11)
FNF:11
FNH:8
FNDA:2,startTestServer
FNDA:0,(anonymous_2)
FNDA:0,(anonymous_3)
FNDA:2,(anonymous_4)
FNDA:0,(anonymous_5)
FNDA:2,(anonymous_6)
FNDA:2,(anonymous_7)
FNDA:2,(anonymous_8)
FNDA:2,(anonymous_9)
FNDA:2,(anonymous_10)
FNDA:2,(anonymous_11)
DA:1,2
DA:2,2
DA:3,2
DA:4,2
DA:5,2
DA:6,2
DA:7,2
DA:8,2
DA:9,2
DA:10,2
DA:11,2
DA:12,2
DA:13,2
DA:14,2
DA:15,2
DA:16,2
DA:17,2
DA:19,2
DA:20,2
DA:21,2
DA:22,2
DA:23,2
DA:26,2
DA:27,2
DA:28,2
DA:29,2
DA:30,2
DA:33,2
DA:34,2
DA:36,2
DA:37,2
DA:38,2
DA:39,2
DA:45,2
DA:47,2
DA:48,2
DA:49,2
DA:50,2
DA:53,2
DA:54,2
DA:55,2
DA:56,2
DA:57,2
DA:60,2
DA:61,2
DA:62,2
LF:46
LH:46
BRDA:55,0,0,2
BRDA:55,0,1,0
BRDA:55,1,0,2
BRDA:55,1,1,2
BRF:4
BRH:3
end_of_record
TN:
SF:src/ws/authz.ts
FN:14,requireAuth
FNF:1
FNH:1
FNDA:6,requireAuth
DA:14,5
DA:16,6
DA:18,6
DA:19,1
DA:21,5
LF:5
LH:5
BRDA:18,0,0,1
BRF:1
BRH:1
end_of_record
TN:
SF:src/ws/handlers.ts
FN:40,buildHandlers
FN:44,onConnection
FN:50,(anonymous_2)
FN:54,(anonymous_3)
FN:61,(anonymous_4)
FN:66,allow
FN:79,handleMessage
FNF:7
FNH:4
FNDA:3,buildHandlers
FNDA:2,onConnection
FNDA:0,(anonymous_2)
FNDA:0,(anonymous_3)
FNDA:0,(anonymous_4)
FNDA:2,allow
FNDA:4,handleMessage
DA:9,3
DA:14,3
DA:15,3
DA:16,3
DA:17,3
DA:18,3
DA:40,3
DA:45,2
DA:50,3
DA:54,3
DA:55,0
DA:59,3
DA:60,3
DA:61,3
DA:67,2
DA:68,2
DA:69,2
DA:81,4
DA:83,4
DA:85,0
DA:88,4
DA:89,4
DA:91,4
DA:92,4
DA:95,1
DA:96,1
DA:97,1
DA:101,0
DA:102,0
DA:103,0
DA:107,1
DA:109,0
DA:111,2
DA:112,1
DA:114,0
DA:115,0
DA:117,0
DA:118,0
DA:121,0
DA:122,0
DA:124,0
DA:125,0
DA:128,0
DA:130,0
DA:132,0
DA:133,0
DA:136,0
DA:138,0
DA:139,0
DA:142,4
DA:143,4
DA:144,4
DA:145,4
DA:152,3
LF:54
LH:33
BRDA:68,0,0,0
BRDA:92,1,0,1
BRDA:92,1,1,0
BRDA:92,1,2,1
BRDA:92,1,3,0
BRDA:92,1,4,2
BRDA:92,1,5,0
BRDA:92,1,6,0
BRDA:92,1,7,0
BRDA:92,1,8,0
BRDA:92,1,9,0
BRDA:92,1,10,0
BRDA:92,1,11,0
BRDA:111,2,0,1
BRDA:114,3,0,0
BRDA:117,4,0,0
BRDA:121,5,0,0
BRDA:124,6,0,0
BRDA:138,7,0,0
BRDA:138,7,1,0
BRF:20
BRH:4
end_of_record
TN:
SF:src/ws/rateLimit.ts
FN:15,refill
FN:24,consume
FN:41,__resetBucketsForTest
FNF:3
FNH:3
FNDA:5,refill
FNDA:5,consume
FNDA:1,__resetBucketsForTest
DA:6,4
DA:13,4
DA:16,5
DA:17,5
DA:18,5
DA:19,5
DA:20,2
DA:21,2
DA:24,4
DA:25,5
DA:26,5
DA:27,5
DA:28,5
DA:29,2
DA:30,2
DA:32,5
DA:33,5
DA:34,3
DA:35,3
DA:37,2
DA:41,4
DA:42,1
LF:22
LH:22
BRDA:19,0,0,3
BRDA:24,1,0,3
BRDA:28,2,0,2
BRDA:33,3,0,3
BRF:4
BRH:4
end_of_record
TN:
SF:src/ws/types.ts
FN:14,send
FNF:1
FNH:1
FNDA:11,send
DA:14,7
DA:15,11
DA:16,11
LF:3
LH:3
BRF:0
BRH:0
end_of_record
TN:
SF:src/ws/events/assets.ts
FN:15,registerAssetEvents
FN:17,(anonymous_2)
FN:56,(anonymous_3)
FNF:3
FNH:2
FNDA:3,registerAssetEvents
FNDA:1,(anonymous_2)
FNDA:0,(anonymous_3)
DA:8,3
DA:9,3
DA:10,3
DA:11,3
DA:13,3
DA:15,3
DA:16,3
DA:19,1
DA:20,1
DA:23,1
DA:24,1
DA:27,1
DA:30,1
DA:31,0
DA:33,1
DA:37,0
DA:41,1
DA:49,1
DA:58,0
DA:59,0
DA:62,0
DA:70,0
LF:22
LH:16
BRDA:24,0,0,0
BRDA:30,1,0,0
BRDA:33,2,0,0
BRDA:34,3,0,1
BRDA:34,3,1,1
BRDA:64,4,0,0
BRDA:64,4,1,0
BRF:7
BRH:2
end_of_record
TN:
SF:src/ws/events/projects.ts
FN:15,registerProjectEvents
FN:24,(anonymous_1)
FN:61,(anonymous_2)
FN:77,(anonymous_3)
FN:96,(anonymous_4)
FN:116,(anonymous_5)
FNF:6
FNH:5
FNDA:3,registerProjectEvents
FNDA:1,(anonymous_1)
FNDA:0,(anonymous_2)
FNDA:1,(anonymous_3)
FNDA:1,(anonymous_4)
FNDA:1,(anonymous_5)
DA:10,3
DA:11,3
DA:13,3
DA:15,3
DA:16,3
DA:25,1
DA:28,1
DA:29,1
DA:30,1
DA:31,1
DA:32,0
DA:38,1
DA:41,1
DA:44,1
DA:49,1
DA:51,1
DA:53,1
DA:62,0
DA:63,0
DA:68,0
DA:78,1
DA:79,1
DA:82,1
DA:83,1
DA:86,1
DA:87,1
DA:97,1
DA:98,1
DA:100,1
DA:101,1
DA:102,1
DA:103,0
DA:106,1
DA:107,1
DA:117,1
DA:118,1
DA:120,1
DA:121,1
DA:122,1
DA:123,0
DA:126,1
DA:127,1
LF:42
LH:36
BRDA:29,0,0,0
BRDA:30,1,0,0
BRDA:31,2,0,0
BRDA:38,3,0,1
BRDA:38,3,1,0
BRDA:41,4,0,0
BRDA:41,4,1,1
BRDA:51,5,0,0
BRDA:51,5,1,1
BRDA:51,6,0,1
BRDA:51,6,1,0
BRDA:51,6,2,0
BRDA:63,7,0,0
BRDA:63,7,1,0
BRDA:65,8,0,0
BRDA:65,8,1,0
BRDA:68,9,0,0
BRDA:68,9,1,0
BRDA:83,10,0,0
BRDA:101,11,0,0
BRDA:102,12,0,0
BRDA:121,13,0,0
BRDA:122,14,0,0
BRF:23
BRH:4
end_of_record
TN:
SF:src/ws/events/stats.ts
FN:20,registerStatsEvents
FN:25,(anonymous_1)
FN:33,(anonymous_2)
FN:37,(anonymous_3)
FN:39,(anonymous_4)
FNF:5
FNH:2
FNDA:3,registerStatsEvents
FNDA:1,(anonymous_1)
FNDA:0,(anonymous_2)
FNDA:0,(anonymous_3)
FNDA:0,(anonymous_4)
DA:12,3
DA:13,3
DA:20,3
DA:21,3
DA:26,1
DA:27,1
DA:34,0
DA:35,0
DA:36,0
DA:37,0
DA:38,0
DA:39,0
DA:41,0
LF:13
LH:6
BRDA:34,0,0,0
BRDA:34,0,1,0
BRDA:35,1,0,0
BRDA:35,1,1,0
BRDA:39,2,0,0
BRDA:39,2,1,0
BRF:6
BRH:0
end_of_record
